0 info it worked if it ends with ok
1 verbose cli [ 'C:\\Program Files\\nodejs\\\\node.exe',
1 verbose cli   'C:\\Program Files\\nodejs\\node_modules\\npm\\bin\\npm-cli.js',
1 verbose cli   'update',
1 verbose cli   '--save' ]
2 info using npm@2.6.1
3 info using node@v1.5.1-nightly20150308f8c893dd39
4 verbose node symlink C:\Program Files\nodejs\\node.exe
5 silly mapToRegistry name koa
6 silly mapToRegistry using default registry
7 silly mapToRegistry registry https://registry.npmjs.org/
8 silly mapToRegistry uri https://registry.npmjs.org/koa
9 silly mapToRegistry name koa-logger
10 silly mapToRegistry using default registry
11 silly mapToRegistry registry https://registry.npmjs.org/
12 silly mapToRegistry uri https://registry.npmjs.org/koa-logger
13 silly mapToRegistry name koa-route
14 silly mapToRegistry using default registry
15 silly mapToRegistry registry https://registry.npmjs.org/
16 silly mapToRegistry uri https://registry.npmjs.org/koa-route
17 silly mapToRegistry name koa-sendfile
18 silly mapToRegistry using default registry
19 silly mapToRegistry registry https://registry.npmjs.org/
20 silly mapToRegistry uri https://registry.npmjs.org/koa-sendfile
21 silly mapToRegistry name koa-static
22 silly mapToRegistry using default registry
23 silly mapToRegistry registry https://registry.npmjs.org/
24 silly mapToRegistry uri https://registry.npmjs.org/koa-static
25 silly mapToRegistry name path-helper
26 silly mapToRegistry using default registry
27 silly mapToRegistry registry https://registry.npmjs.org/
28 silly mapToRegistry uri https://registry.npmjs.org/path-helper
29 silly mapToRegistry name url
30 silly mapToRegistry using default registry
31 silly mapToRegistry registry https://registry.npmjs.org/
32 silly mapToRegistry uri https://registry.npmjs.org/url
33 verbose request uri https://registry.npmjs.org/koa
34 verbose request no auth needed
35 info attempt registry request try #1 at 13:33:22
36 verbose request id cabcc48492d6384e
37 verbose etag "D33RILVOVIVRRM3Q12K8UJZR2"
38 http request GET https://registry.npmjs.org/koa
39 verbose request uri https://registry.npmjs.org/koa-sendfile
40 verbose request no auth needed
41 info attempt registry request try #1 at 13:33:22
42 verbose etag "37LCRIHYCL5EJD8BSOXQU4UNQ"
43 http request GET https://registry.npmjs.org/koa-sendfile
44 verbose request uri https://registry.npmjs.org/koa-logger
45 verbose request no auth needed
46 info attempt registry request try #1 at 13:33:22
47 verbose etag "F1EK8F08UVCO50RPDU0ELFLEZ"
48 http request GET https://registry.npmjs.org/koa-logger
49 verbose request uri https://registry.npmjs.org/koa-static
50 verbose request no auth needed
51 info attempt registry request try #1 at 13:33:22
52 verbose etag "4CW5RADYDSQYGTNDF5WMIA76Q"
53 http request GET https://registry.npmjs.org/koa-static
54 verbose request uri https://registry.npmjs.org/koa-route
55 verbose request no auth needed
56 info attempt registry request try #1 at 13:33:22
57 verbose etag "706ZY1DXIHRQXYPNSOEC940WK"
58 http request GET https://registry.npmjs.org/koa-route
59 verbose request uri https://registry.npmjs.org/url
60 verbose request no auth needed
61 info attempt registry request try #1 at 13:33:22
62 verbose etag "3CE22FHXV1WZ2KVRQH5T72X2X"
63 http request GET https://registry.npmjs.org/url
64 verbose request uri https://registry.npmjs.org/path-helper
65 verbose request no auth needed
66 info attempt registry request try #1 at 13:33:22
67 verbose etag "WEGTF4R55LH7ZIXWZ876YN9X"
68 http request GET https://registry.npmjs.org/path-helper
69 http 304 https://registry.npmjs.org/url
70 silly get cb [ 304,
70 silly get   { date: 'Thu, 19 Mar 2015 05:33:23 GMT',
70 silly get     server: 'Apache',
70 silly get     via: '1.1 varnish',
70 silly get     'last-modified': 'Thu, 19 Mar 2015 05:33:23 GMT',
70 silly get     'cache-control': 'max-age=60',
70 silly get     etag: '"3CE22FHXV1WZ2KVRQH5T72X2X"',
70 silly get     age: '35',
70 silly get     'x-served-by': 'cache-nrt6120-NRT',
70 silly get     'x-cache': 'HIT',
70 silly get     'x-cache-hits': '1',
70 silly get     'x-timer': 'S1426743203.005191,VS0,VE1',
70 silly get     vary: 'Accept',
70 silly get     'content-length': '0',
70 silly get     'keep-alive': 'timeout=10, max=50',
70 silly get     connection: 'Keep-Alive' } ]
71 verbose etag https://registry.npmjs.org/url from cache
72 verbose get saving url to C:\Users\doer\AppData\Roaming\npm-cache\registry.npmjs.org\url\.cache.json
73 http 200 https://registry.npmjs.org/koa-sendfile
74 silly get cb [ 200,
74 silly get   { date: 'Thu, 19 Mar 2015 05:33:23 GMT',
74 silly get     server: 'CouchDB/1.5.0 (Erlang OTP/R16B03)',
74 silly get     etag: '"CEKDW2THGCZ3LDO5CVXS1OQT7"',
74 silly get     'content-type': 'application/json',
74 silly get     'cache-control': 'max-age=60',
74 silly get     'content-length': '10904',
74 silly get     'accept-ranges': 'bytes',
74 silly get     via: '1.1 varnish',
74 silly get     age: '0',
74 silly get     'x-served-by': 'cache-nrt6124-NRT',
74 silly get     'x-cache': 'MISS',
74 silly get     'x-cache-hits': '0',
74 silly get     'x-timer': 'S1426743202.915953,VS0,VE119',
74 silly get     vary: 'Accept',
74 silly get     'keep-alive': 'timeout=10, max=50',
74 silly get     connection: 'Keep-Alive' } ]
75 verbose get saving koa-sendfile to C:\Users\doer\AppData\Roaming\npm-cache\registry.npmjs.org\koa-sendfile\.cache.json
76 http 200 https://registry.npmjs.org/koa-logger
77 silly get cb [ 200,
77 silly get   { date: 'Thu, 19 Mar 2015 05:33:23 GMT',
77 silly get     server: 'CouchDB/1.5.0 (Erlang OTP/R16B03)',
77 silly get     etag: '"ECZCKEQCME86V5QX03ZU6N02O"',
77 silly get     'content-type': 'application/json',
77 silly get     'cache-control': 'max-age=60',
77 silly get     'content-length': '8149',
77 silly get     'accept-ranges': 'bytes',
77 silly get     via: '1.1 varnish',
77 silly get     age: '0',
77 silly get     'x-served-by': 'cache-nrt6130-NRT',
77 silly get     'x-cache': 'MISS',
77 silly get     'x-cache-hits': '0',
77 silly get     'x-timer': 'S1426743202.976019,VS0,VE176',
77 silly get     vary: 'Accept',
77 silly get     'keep-alive': 'timeout=10, max=50',
77 silly get     connection: 'Keep-Alive' } ]
78 verbose get saving koa-logger to C:\Users\doer\AppData\Roaming\npm-cache\registry.npmjs.org\koa-logger\.cache.json
79 http 200 https://registry.npmjs.org/path-helper
80 silly get cb [ 200,
80 silly get   { date: 'Thu, 19 Mar 2015 05:33:23 GMT',
80 silly get     server: 'CouchDB/1.5.0 (Erlang OTP/R16B03)',
80 silly get     etag: '"5JVDDLNFF0N5QNMY21IN4O3UV"',
80 silly get     'content-type': 'application/json',
80 silly get     'cache-control': 'max-age=60',
80 silly get     'content-length': '9220',
80 silly get     'accept-ranges': 'bytes',
80 silly get     via: '1.1 varnish',
80 silly get     age: '0',
80 silly get     'x-served-by': 'cache-nrt6135-NRT',
80 silly get     'x-cache': 'MISS',
80 silly get     'x-cache-hits': '0',
80 silly get     'x-timer': 'S1426743203.014767,VS0,VE185',
80 silly get     vary: 'Accept',
80 silly get     'keep-alive': 'timeout=10, max=50',
80 silly get     connection: 'Keep-Alive' } ]
81 verbose get saving path-helper to C:\Users\doer\AppData\Roaming\npm-cache\registry.npmjs.org\path-helper\.cache.json
82 http 200 https://registry.npmjs.org/koa-static
83 silly get cb [ 200,
83 silly get   { date: 'Thu, 19 Mar 2015 05:33:23 GMT',
83 silly get     server: 'CouchDB/1.5.0 (Erlang OTP/R16B03)',
83 silly get     etag: '"8SFCX1UFM2164F1R3JW0N8STI"',
83 silly get     'content-type': 'application/json',
83 silly get     'cache-control': 'max-age=60',
83 silly get     'content-length': '20415',
83 silly get     'accept-ranges': 'bytes',
83 silly get     via: '1.1 varnish',
83 silly get     age: '0',
83 silly get     'x-served-by': 'cache-nrt6124-NRT',
83 silly get     'x-cache': 'HIT',
83 silly get     'x-cache-hits': '1',
83 silly get     'x-timer': 'S1426743202.956033,VS0,VE178',
83 silly get     vary: 'Accept',
83 silly get     'keep-alive': 'timeout=10, max=50',
83 silly get     connection: 'Keep-Alive' } ]
84 verbose get saving koa-static to C:\Users\doer\AppData\Roaming\npm-cache\registry.npmjs.org\koa-static\.cache.json
85 http 304 https://registry.npmjs.org/koa
86 silly get cb [ 304,
86 silly get   { date: 'Thu, 19 Mar 2015 05:33:22 GMT',
86 silly get     server: 'Apache',
86 silly get     via: '1.1 varnish',
86 silly get     'last-modified': 'Thu, 19 Mar 2015 05:33:23 GMT',
86 silly get     'cache-control': 'max-age=60',
86 silly get     etag: '"D33RILVOVIVRRM3Q12K8UJZR2"',
86 silly get     age: '0',
86 silly get     'x-served-by': 'cache-nrt6135-NRT',
86 silly get     'x-cache': 'HIT',
86 silly get     'x-cache-hits': '1',
86 silly get     'x-timer': 'S1426743202.925222,VS0,VE431',
86 silly get     vary: 'Accept',
86 silly get     'content-length': '0',
86 silly get     'keep-alive': 'timeout=10, max=50',
86 silly get     connection: 'Keep-Alive' } ]
87 verbose etag https://registry.npmjs.org/koa from cache
88 verbose get saving koa to C:\Users\doer\AppData\Roaming\npm-cache\registry.npmjs.org\koa\.cache.json
89 http 200 https://registry.npmjs.org/koa-route
90 silly get cb [ 200,
90 silly get   { date: 'Thu, 19 Mar 2015 05:33:23 GMT',
90 silly get     server: 'CouchDB/1.5.0 (Erlang OTP/R16B03)',
90 silly get     etag: '"5603EMMBKRFRFS634J1KIFUIC"',
90 silly get     'content-type': 'application/json',
90 silly get     'cache-control': 'max-age=60',
90 silly get     'content-length': '16848',
90 silly get     'accept-ranges': 'bytes',
90 silly get     via: '1.1 varnish',
90 silly get     age: '0',
90 silly get     'x-served-by': 'cache-nrt6126-NRT',
90 silly get     'x-cache': 'MISS',
90 silly get     'x-cache-hits': '0',
90 silly get     'x-timer': 'S1426743202.995540,VS0,VE704',
90 silly get     vary: 'Accept',
90 silly get     'keep-alive': 'timeout=10, max=50',
90 silly get     connection: 'Keep-Alive' } ]
91 verbose get saving koa-route to C:\Users\doer\AppData\Roaming\npm-cache\registry.npmjs.org\koa-route\.cache.json
92 info outdated updating [ [ 'E:\\Workspace\\MyGit\\MyProjects\\ANM_Basknrm\\30_WsDev',
92 info outdated     'koa-static',
92 info outdated     '1.4.8',
92 info outdated     '1.4.9',
92 info outdated     '1.4.9',
92 info outdated     '^1.4.8' ],
92 info outdated   [ 'E:\\Workspace\\MyGit\\MyProjects\\ANM_Basknrm\\30_WsDev',
92 info outdated     'koa',
92 info outdated     '0.18.1',
92 info outdated     '0.15.0',
92 info outdated     '0.18.1',
92 info outdated     '^0.15.0' ] ]
93 verbose install where, what [ 'E:\\Workspace\\MyGit\\MyProjects\\ANM_Basknrm\\30_WsDev',
93 verbose install   [ 'koa-static@1.4.9' ] ]
94 verbose install where, what [ 'E:\\Workspace\\MyGit\\MyProjects\\ANM_Basknrm\\30_WsDev',
94 verbose install   [ 'koa@0.15.0' ] ]
95 silly cache add args [ 'koa-static@1.4.9', null ]
96 verbose cache add spec koa-static@1.4.9
97 silly cache add parsed spec { raw: 'koa-static@1.4.9',
97 silly cache add   scope: null,
97 silly cache add   name: 'koa-static',
97 silly cache add   rawSpec: '1.4.9',
97 silly cache add   spec: '1.4.9',
97 silly cache add   type: 'version' }
98 verbose addNamed koa-static@1.4.9
99 silly addNamed semver.valid 1.4.9
100 silly addNamed semver.validRange 1.4.9
101 silly mapToRegistry name koa-static
102 silly mapToRegistry using default registry
103 silly mapToRegistry registry https://registry.npmjs.org/
104 silly mapToRegistry uri https://registry.npmjs.org/koa-static
105 verbose addNameVersion registry:https://registry.npmjs.org/koa-static not in flight; fetching
106 silly cache add args [ 'koa@0.15.0', null ]
107 verbose cache add spec koa@0.15.0
108 silly cache add parsed spec { raw: 'koa@0.15.0',
108 silly cache add   scope: null,
108 silly cache add   name: 'koa',
108 silly cache add   rawSpec: '0.15.0',
108 silly cache add   spec: '0.15.0',
108 silly cache add   type: 'version' }
109 verbose addNamed koa@0.15.0
110 silly addNamed semver.valid 0.15.0
111 silly addNamed semver.validRange 0.15.0
112 silly mapToRegistry name koa
113 silly mapToRegistry using default registry
114 silly mapToRegistry registry https://registry.npmjs.org/
115 silly mapToRegistry uri https://registry.npmjs.org/koa
116 verbose addNameVersion registry:https://registry.npmjs.org/koa not in flight; fetching
117 verbose get https://registry.npmjs.org/koa-static not expired, no request
118 verbose get https://registry.npmjs.org/koa not expired, no request
119 silly cache afterAdd koa@0.15.0
120 verbose afterAdd C:\Users\doer\AppData\Roaming\npm-cache\koa\0.15.0\package\package.json not in flight; writing
121 silly cache afterAdd koa-static@1.4.9
122 verbose afterAdd C:\Users\doer\AppData\Roaming\npm-cache\koa-static\1.4.9\package\package.json not in flight; writing
123 verbose afterAdd C:\Users\doer\AppData\Roaming\npm-cache\koa\0.15.0\package\package.json written
124 silly install resolved [ { name: 'koa',
124 silly install resolved     version: '0.15.0',
124 silly install resolved     description: 'Koa web app framework',
124 silly install resolved     main: 'lib/application.js',
124 silly install resolved     scripts: { test: 'make test' },
124 silly install resolved     repository: { type: 'git', url: 'https://github.com/koajs/koa' },
124 silly install resolved     keywords:
124 silly install resolved      [ 'web',
124 silly install resolved        'app',
124 silly install resolved        'http',
124 silly install resolved        'application',
124 silly install resolved        'framework',
124 silly install resolved        'middleware',
124 silly install resolved        'rack' ],
124 silly install resolved     license: 'MIT',
124 silly install resolved     dependencies:
124 silly install resolved      { accepts: '^1.1.0',
124 silly install resolved        co: '^4.1.0',
124 silly install resolved        'content-disposition': '~0.5.0',
124 silly install resolved        cookies: '~0.5.0',
124 silly install resolved        debug: '*',
124 silly install resolved        delegates: '0.1.0',
124 silly install resolved        destroy: '^1.0.3',
124 silly install resolved        'error-inject': '~1.0.0',
124 silly install resolved        'escape-html': '~1.0.1',
124 silly install resolved        fresh: '~0.2.1',
124 silly install resolved        'http-assert': '^1.0.1',
124 silly install resolved        'http-errors': '^1.2.0',
124 silly install resolved        'koa-compose': '^2.3.0',
124 silly install resolved        'koa-is-json': '^1.0.0',
124 silly install resolved        'media-typer': '~0.3.0',
124 silly install resolved        'mime-types': '^2.0.0',
124 silly install resolved        'on-finished': '^2.1.0',
124 silly install resolved        only: '0.0.2',
124 silly install resolved        parseurl: '^1.3.0',
124 silly install resolved        statuses: '^1.1.0',
124 silly install resolved        'type-is': '^1.5.0',
124 silly install resolved        vary: '^1.0.0' },
124 silly install resolved     devDependencies:
124 silly install resolved      { 'istanbul-harmony': '~0.3.0',
124 silly install resolved        'make-lint': '^1.0.1',
124 silly install resolved        mocha: '^2.0.1',
124 silly install resolved        should: '^3.1.0',
124 silly install resolved        supertest: '~0.15.0',
124 silly install resolved        'test-console': '^0.7.1' },
124 silly install resolved     engines: { node: '>= 0.11.13' },
124 silly install resolved     files: [ 'lib' ],
124 silly install resolved     contributors:
124 silly install resolved      [ [Object],
124 silly install resolved        [Object],
124 silly install resolved        [Object],
124 silly install resolved        [Object],
124 silly install resolved        [Object],
124 silly install resolved        [Object],
124 silly install resolved        [Object],
124 silly install resolved        [Object],
124 silly install resolved        [Object],
124 silly install resolved        [Object],
124 silly install resolved        [Object],
124 silly install resolved        [Object],
124 silly install resolved        [Object],
124 silly install resolved        [Object],
124 silly install resolved        [Object],
124 silly install resolved        [Object],
124 silly install resolved        [Object],
124 silly install resolved        [Object],
124 silly install resolved        [Object],
124 silly install resolved        [Object],
124 silly install resolved        [Object],
124 silly install resolved        [Object],
124 silly install resolved        [Object],
124 silly install resolved        [Object],
124 silly install resolved        [Object],
124 silly install resolved        [Object],
124 silly install resolved        [Object],
124 silly install resolved        [Object],
124 silly install resolved        [Object],
124 silly install resolved        [Object],
124 silly install resolved        [Object],
124 silly install resolved        [Object],
124 silly install resolved        [Object],
124 silly install resolved        [Object],
124 silly install resolved        [Object],
124 silly install resolved        [Object],
124 silly install resolved        [Object],
124 silly install resolved        [Object],
124 silly install resolved        [Object],
124 silly install resolved        [Object],
124 silly install resolved        [Object] ],
124 silly install resolved     gitHead: 'abd5e792231142d632174fd8f34795268a1006bb',
124 silly install resolved     bugs: { url: 'https://github.com/koajs/koa/issues' },
124 silly install resolved     homepage: 'https://github.com/koajs/koa',
124 silly install resolved     _id: 'koa@0.15.0',
124 silly install resolved     _shasum: '6ee44e17042e8d2512367d75022260f91cc000c2',
124 silly install resolved     _from: 'koa@0.15.0',
124 silly install resolved     _npmVersion: '2.1.18',
124 silly install resolved     _nodeVersion: '1.0.2',
124 silly install resolved     _npmUser: { name: 'jongleberry', email: 'jonathanrichardong@gmail.com' },
124 silly install resolved     maintainers:
124 silly install resolved      [ [Object],
124 silly install resolved        [Object],
124 silly install resolved        [Object],
124 silly install resolved        [Object],
124 silly install resolved        [Object],
124 silly install resolved        [Object],
124 silly install resolved        [Object] ],
124 silly install resolved     dist:
124 silly install resolved      { shasum: '6ee44e17042e8d2512367d75022260f91cc000c2',
124 silly install resolved        tarball: 'http://registry.npmjs.org/koa/-/koa-0.15.0.tgz' },
124 silly install resolved     directories: {},
124 silly install resolved     _resolved: 'https://registry.npmjs.org/koa/-/koa-0.15.0.tgz',
124 silly install resolved     readme: 'ERROR: No README data found!' } ]
125 info install koa@0.15.0 into E:\Workspace\MyGit\MyProjects\ANM_Basknrm\30_WsDev
126 info installOne koa@0.15.0
127 verbose installOne of koa to E:\Workspace\MyGit\MyProjects\ANM_Basknrm\30_WsDev not in flight; installing
128 verbose afterAdd C:\Users\doer\AppData\Roaming\npm-cache\koa-static\1.4.9\package\package.json written
129 silly install resolved [ { name: 'koa-static',
129 silly install resolved     description: 'Static file serving middleware for koa',
129 silly install resolved     repository: { type: 'git', url: 'https://github.com/koajs/static' },
129 silly install resolved     version: '1.4.9',
129 silly install resolved     keywords: [ 'koa', 'middleware', 'file', 'static', 'sendfile' ],
129 silly install resolved     files: [ 'index.js' ],
129 silly install resolved     devDependencies: { 'istanbul-harmony': '0', koa: '0', mocha: '1', supertest: '0' },
129 silly install resolved     license: 'MIT',
129 silly install resolved     dependencies: { debug: '*', 'koa-send': '~1.3.0' },
129 silly install resolved     scripts:
129 silly install resolved      { test: 'mocha --harmony-generators --reporter spec',
129 silly install resolved        'test-cov': 'node --harmony-generators ./node_modules/.bin/istanbul cover ./node_modules/.bin/_mocha',
129 silly install resolved        'test-travis': 'node --harmony-generators ./node_modules/.bin/istanbul cover ./node_modules/.bin/_mocha --report lcovonly' },
129 silly install resolved     gitHead: '36895a0cee11c34420f9e65e10accb59ad46e93a',
129 silly install resolved     bugs: { url: 'https://github.com/koajs/static/issues' },
129 silly install resolved     homepage: 'https://github.com/koajs/static',
129 silly install resolved     _id: 'koa-static@1.4.9',
129 silly install resolved     _shasum: '697d68bc71434f5fedde25901f8916aed5b596dd',
129 silly install resolved     _from: 'koa-static@1.4.9',
129 silly install resolved     _npmVersion: '2.3.0',
129 silly install resolved     _nodeVersion: '0.11.16',
129 silly install resolved     _npmUser: { name: 'jongleberry', email: 'jonathanrichardong@gmail.com' },
129 silly install resolved     maintainers:
129 silly install resolved      [ [Object],
129 silly install resolved        [Object],
129 silly install resolved        [Object],
129 silly install resolved        [Object],
129 silly install resolved        [Object],
129 silly install resolved        [Object],
129 silly install resolved        [Object],
129 silly install resolved        [Object] ],
129 silly install resolved     dist:
129 silly install resolved      { shasum: '697d68bc71434f5fedde25901f8916aed5b596dd',
129 silly install resolved        tarball: 'http://registry.npmjs.org/koa-static/-/koa-static-1.4.9.tgz' },
129 silly install resolved     directories: {},
129 silly install resolved     _resolved: 'https://registry.npmjs.org/koa-static/-/koa-static-1.4.9.tgz',
129 silly install resolved     readme: 'ERROR: No README data found!' } ]
130 info install koa-static@1.4.9 into E:\Workspace\MyGit\MyProjects\ANM_Basknrm\30_WsDev
131 info installOne koa-static@1.4.9
132 verbose installOne of koa-static to E:\Workspace\MyGit\MyProjects\ANM_Basknrm\30_WsDev not in flight; installing
133 verbose lock using C:\Users\doer\AppData\Roaming\npm-cache\_locks\koa-2f1c0891470916f6.lock for E:\Workspace\MyGit\MyProjects\ANM_Basknrm\30_WsDev\node_modules\koa
134 warn engine koa@0.15.0: wanted: {"node":">= 0.11.13"} (current: {"node":"1.5.1-nightly20150308f8c893dd39","npm":"2.6.1"})
135 silly install write writing koa 0.15.0 to E:\Workspace\MyGit\MyProjects\ANM_Basknrm\30_WsDev\node_modules\koa
136 silly cache addNamed cb koa@0.15.0
137 verbose unbuild node_modules\koa
138 info preuninstall koa@0.18.1
139 verbose lock using C:\Users\doer\AppData\Roaming\npm-cache\_locks\koa-static-aa21910de56711d5.lock for E:\Workspace\MyGit\MyProjects\ANM_Basknrm\30_WsDev\node_modules\koa-static
140 info uninstall koa@0.18.1
141 silly install write writing koa-static 1.4.9 to E:\Workspace\MyGit\MyProjects\ANM_Basknrm\30_WsDev\node_modules\koa-static
142 silly cache addNamed cb koa-static@1.4.9
143 verbose unbuild node_modules\koa-static
144 info preuninstall koa-static@1.4.8
145 verbose unbuild rmStuff koa@0.18.1 from E:\Workspace\MyGit\MyProjects\ANM_Basknrm\30_WsDev\node_modules
146 info postuninstall koa@0.18.1
147 info uninstall koa-static@1.4.8
148 verbose gentlyRm vacuuming E:\Workspace\MyGit\MyProjects\ANM_Basknrm\30_WsDev\node_modules\koa
149 silly gentlyRm purging E:\Workspace\MyGit\MyProjects\ANM_Basknrm\30_WsDev\node_modules\koa
150 verbose unbuild rmStuff koa-static@1.4.8 from E:\Workspace\MyGit\MyProjects\ANM_Basknrm\30_WsDev\node_modules
151 info postuninstall koa-static@1.4.8
152 verbose gentlyRm vacuuming E:\Workspace\MyGit\MyProjects\ANM_Basknrm\30_WsDev\node_modules\koa-static
153 silly gentlyRm purging E:\Workspace\MyGit\MyProjects\ANM_Basknrm\30_WsDev\node_modules\koa-static
154 silly gentlyRm quitting because other entries in E:\Workspace\MyGit\MyProjects\ANM_Basknrm\30_WsDev\node_modules
155 verbose tar unpack C:\Users\doer\AppData\Roaming\npm-cache\koa-static\1.4.9\package.tgz
156 verbose tar unpacking to E:\Workspace\MyGit\MyProjects\ANM_Basknrm\30_WsDev\node_modules\koa-static
157 verbose gentlyRm vacuuming E:\Workspace\MyGit\MyProjects\ANM_Basknrm\30_WsDev\node_modules\koa-static
158 silly gunzTarPerm modes [ '777', '666' ]
159 silly gunzTarPerm extractEntry package.json
160 silly gunzTarPerm modified mode [ 'package.json', 420, 438 ]
161 silly gunzTarPerm extractEntry index.js
162 silly gunzTarPerm modified mode [ 'index.js', 420, 438 ]
163 silly gunzTarPerm extractEntry History.md
164 silly gunzTarPerm modified mode [ 'History.md', 420, 438 ]
165 silly gunzTarPerm extractEntry Readme.md
166 silly gunzTarPerm modified mode [ 'Readme.md', 420, 438 ]
167 info preinstall koa-static@1.4.9
168 silly prepareForInstallMany adding debug@* from koa-static dependencies
169 silly prepareForInstallMany adding koa-send@~1.3.0 from koa-static dependencies
170 silly cache add args [ 'debug@*', null ]
171 verbose cache add spec debug@*
172 silly cache add args [ 'koa-send@~1.3.0', null ]
173 verbose cache add spec koa-send@~1.3.0
174 silly cache add parsed spec { raw: 'debug@*',
174 silly cache add   scope: null,
174 silly cache add   name: 'debug',
174 silly cache add   rawSpec: '*',
174 silly cache add   spec: '*',
174 silly cache add   type: 'range' }
175 verbose addNamed debug@*
176 silly addNamed semver.valid null
177 silly addNamed semver.validRange *
178 silly addNameRange { name: 'debug', range: '*', hasData: false }
179 silly mapToRegistry name debug
180 silly mapToRegistry using default registry
181 silly mapToRegistry registry https://registry.npmjs.org/
182 silly mapToRegistry uri https://registry.npmjs.org/debug
183 verbose addNameRange registry:https://registry.npmjs.org/debug not in flight; fetching
184 silly cache add parsed spec { raw: 'koa-send@~1.3.0',
184 silly cache add   scope: null,
184 silly cache add   name: 'koa-send',
184 silly cache add   rawSpec: '~1.3.0',
184 silly cache add   spec: '>=1.3.0 <1.4.0',
184 silly cache add   type: 'range' }
185 verbose addNamed koa-send@>=1.3.0 <1.4.0
186 silly addNamed semver.valid null
187 silly addNamed semver.validRange >=1.3.0 <1.4.0
188 silly addNameRange { name: 'koa-send', range: '>=1.3.0 <1.4.0', hasData: false }
189 silly mapToRegistry name koa-send
190 silly mapToRegistry using default registry
191 silly mapToRegistry registry https://registry.npmjs.org/
192 silly mapToRegistry uri https://registry.npmjs.org/koa-send
193 verbose addNameRange registry:https://registry.npmjs.org/koa-send not in flight; fetching
194 verbose request uri https://registry.npmjs.org/debug
195 verbose request no auth needed
196 info attempt registry request try #1 at 13:33:24
197 verbose etag "BUNFD1NZT99WPV36G9YF4WPQA"
198 http request GET https://registry.npmjs.org/debug
199 verbose request uri https://registry.npmjs.org/koa-send
200 verbose request no auth needed
201 info attempt registry request try #1 at 13:33:24
202 verbose etag "7E1QEWZAAUMS52Q16FAKXIZTK"
203 http request GET https://registry.npmjs.org/koa-send
204 verbose unlock done using C:\Users\doer\AppData\Roaming\npm-cache\_locks\koa-2f1c0891470916f6.lock for E:\Workspace\MyGit\MyProjects\ANM_Basknrm\30_WsDev\node_modules\koa
205 http 304 https://registry.npmjs.org/debug
206 silly get cb [ 304,
206 silly get   { date: 'Thu, 19 Mar 2015 05:33:24 GMT',
206 silly get     server: 'Apache',
206 silly get     via: '1.1 varnish',
206 silly get     'last-modified': 'Thu, 19 Mar 2015 05:31:39 GMT',
206 silly get     'cache-control': 'max-age=60',
206 silly get     etag: '"BUNFD1NZT99WPV36G9YF4WPQA"',
206 silly get     age: '44',
206 silly get     'x-served-by': 'cache-nrt6131-NRT',
206 silly get     'x-cache': 'HIT',
206 silly get     'x-cache-hits': '28',
206 silly get     'x-timer': 'S1426743204.544554,VS0,VE0',
206 silly get     vary: 'Accept',
206 silly get     'content-length': '0',
206 silly get     'keep-alive': 'timeout=10, max=50',
206 silly get     connection: 'Keep-Alive' } ]
207 verbose etag https://registry.npmjs.org/debug from cache
208 verbose get saving debug to C:\Users\doer\AppData\Roaming\npm-cache\registry.npmjs.org\debug\.cache.json
209 silly addNameRange number 2 { name: 'debug', range: '*', hasData: true }
210 silly addNameRange versions [ 'debug',
210 silly addNameRange   [ '0.0.1',
210 silly addNameRange     '0.1.0',
210 silly addNameRange     '0.2.0',
210 silly addNameRange     '0.3.0',
210 silly addNameRange     '0.4.0',
210 silly addNameRange     '0.4.1',
210 silly addNameRange     '0.5.0',
210 silly addNameRange     '0.6.0',
210 silly addNameRange     '0.7.0',
210 silly addNameRange     '0.7.1',
210 silly addNameRange     '0.7.2',
210 silly addNameRange     '0.7.3',
210 silly addNameRange     '0.7.4',
210 silly addNameRange     '0.8.0',
210 silly addNameRange     '0.8.1',
210 silly addNameRange     '1.0.0',
210 silly addNameRange     '1.0.1',
210 silly addNameRange     '1.0.2',
210 silly addNameRange     '1.0.3',
210 silly addNameRange     '1.0.4',
210 silly addNameRange     '2.0.0',
210 silly addNameRange     '2.1.0',
210 silly addNameRange     '2.1.1',
210 silly addNameRange     '2.1.2',
210 silly addNameRange     '2.1.3' ] ]
211 verbose addNamed debug@2.1.3
212 silly addNamed semver.valid 2.1.3
213 silly addNamed semver.validRange 2.1.3
214 silly cache afterAdd debug@2.1.3
215 verbose afterAdd C:\Users\doer\AppData\Roaming\npm-cache\debug\2.1.3\package\package.json not in flight; writing
216 verbose afterAdd C:\Users\doer\AppData\Roaming\npm-cache\debug\2.1.3\package\package.json written
217 http 200 https://registry.npmjs.org/koa-send
218 silly get cb [ 200,
218 silly get   { date: 'Thu, 19 Mar 2015 05:33:25 GMT',
218 silly get     server: 'CouchDB/1.5.0 (Erlang OTP/R16B03)',
218 silly get     etag: '"4GCDOXORUS3KR1GQ0CQ6I4XI"',
218 silly get     'content-type': 'application/json',
218 silly get     'cache-control': 'max-age=60',
218 silly get     'content-length': '15091',
218 silly get     'accept-ranges': 'bytes',
218 silly get     via: '1.1 varnish',
218 silly get     age: '0',
218 silly get     'x-served-by': 'cache-nrt6126-NRT',
218 silly get     'x-cache': 'HIT',
218 silly get     'x-cache-hits': '1',
218 silly get     'x-timer': 'S1426743204.575881,VS0,VE729',
218 silly get     vary: 'Accept',
218 silly get     'keep-alive': 'timeout=10, max=50',
218 silly get     connection: 'Keep-Alive' } ]
219 verbose get saving koa-send to C:\Users\doer\AppData\Roaming\npm-cache\registry.npmjs.org\koa-send\.cache.json
220 silly addNameRange number 2 { name: 'koa-send', range: '>=1.3.0 <1.4.0', hasData: true }
221 silly addNameRange versions [ 'koa-send',
221 silly addNameRange   [ '1.0.0',
221 silly addNameRange     '1.1.1',
221 silly addNameRange     '1.1.2',
221 silly addNameRange     '1.2.0',
221 silly addNameRange     '1.2.1',
221 silly addNameRange     '1.2.2',
221 silly addNameRange     '1.2.3',
221 silly addNameRange     '1.2.4',
221 silly addNameRange     '1.3.0',
221 silly addNameRange     '1.3.1' ] ]
222 verbose addNamed koa-send@1.3.1
223 silly addNamed semver.valid 1.3.1
224 silly addNamed semver.validRange 1.3.1
225 silly cache afterAdd koa-send@1.3.1
226 verbose afterAdd C:\Users\doer\AppData\Roaming\npm-cache\koa-send\1.3.1\package\package.json not in flight; writing
227 verbose afterAdd C:\Users\doer\AppData\Roaming\npm-cache\koa-send\1.3.1\package\package.json written
228 silly install resolved [ { name: 'debug',
228 silly install resolved     version: '2.1.3',
228 silly install resolved     repository: { type: 'git', url: 'git://github.com/visionmedia/debug.git' },
228 silly install resolved     description: 'small debugging utility',
228 silly install resolved     keywords: [ 'debug', 'log', 'debugger' ],
228 silly install resolved     author: { name: 'TJ Holowaychuk', email: 'tj@vision-media.ca' },
228 silly install resolved     contributors: [ [Object] ],
228 silly install resolved     license: 'MIT',
228 silly install resolved     dependencies: { ms: '0.7.0' },
228 silly install resolved     devDependencies: { browserify: '9.0.3', mocha: '*' },
228 silly install resolved     main: './node.js',
228 silly install resolved     browser: './browser.js',
228 silly install resolved     component: { scripts: [Object] },
228 silly install resolved     gitHead: '0a8e4b7e0d2d1b55ef4e7422498ca24c677ae63a',
228 silly install resolved     bugs: { url: 'https://github.com/visionmedia/debug/issues' },
228 silly install resolved     homepage: 'https://github.com/visionmedia/debug',
228 silly install resolved     _id: 'debug@2.1.3',
228 silly install resolved     scripts: {},
228 silly install resolved     _shasum: 'ce8ab1b5ee8fbee2bfa3b633cab93d366b63418e',
228 silly install resolved     _from: 'debug@*',
228 silly install resolved     _npmVersion: '2.5.1',
228 silly install resolved     _nodeVersion: '0.12.0',
228 silly install resolved     _npmUser: { name: 'tootallnate', email: 'nathan@tootallnate.net' },
228 silly install resolved     maintainers: [ [Object], [Object] ],
228 silly install resolved     dist:
228 silly install resolved      { shasum: 'ce8ab1b5ee8fbee2bfa3b633cab93d366b63418e',
228 silly install resolved        tarball: 'http://registry.npmjs.org/debug/-/debug-2.1.3.tgz' },
228 silly install resolved     directories: {},
228 silly install resolved     _resolved: 'https://registry.npmjs.org/debug/-/debug-2.1.3.tgz',
228 silly install resolved     readme: 'ERROR: No README data found!' },
228 silly install resolved   { name: 'koa-send',
228 silly install resolved     description: 'Transfer static files',
228 silly install resolved     repository: { type: 'git', url: 'https://github.com/koajs/send' },
228 silly install resolved     version: '1.3.1',
228 silly install resolved     keywords: [ 'koa', 'file', 'static', 'sendfile' ],
228 silly install resolved     files: [ 'index.js' ],
228 silly install resolved     devDependencies:
228 silly install resolved      { koa: '*',
228 silly install resolved        should: '3',
228 silly install resolved        mocha: '1',
228 silly install resolved        supertest: '0',
228 silly install resolved        'istanbul-harmony': '0' },
228 silly install resolved     license: 'MIT',
228 silly install resolved     dependencies: { debug: '*', mz: '^1.0.1' },
228 silly install resolved     scripts:
228 silly install resolved      { test: 'mocha --harmony-generators --require should --reporter spec',
228 silly install resolved        'test-cov': 'node --harmony-generators ./node_modules/.bin/istanbul cover ./node_modules/.bin/_mocha -- --require should',
228 silly install resolved        'test-travis': 'node --harmony-generators ./node_modules/.bin/istanbul cover ./node_modules/.bin/_mocha --report lcovonly -- --require should' },
228 silly install resolved     gitHead: 'e86357b061ac7ccb810a0b209cd035e6867f478a',
228 silly install resolved     bugs: { url: 'https://github.com/koajs/send/issues' },
228 silly install resolved     homepage: 'https://github.com/koajs/send',
228 silly install resolved     _id: 'koa-send@1.3.1',
228 silly install resolved     _shasum: 'c6b91b4a430b6c832acf51c78564f4d372faefa0',
228 silly install resolved     _from: 'koa-send@>=1.3.0 <1.4.0',
228 silly install resolved     _npmVersion: '1.4.21',
228 silly install resolved     _npmUser: { name: 'jongleberry', email: 'jonathanrichardong@gmail.com' },
228 silly install resolved     maintainers:
228 silly install resolved      [ [Object],
228 silly install resolved        [Object],
228 silly install resolved        [Object],
228 silly install resolved        [Object],
228 silly install resolved        [Object],
228 silly install resolved        [Object],
228 silly install resolved        [Object],
228 silly install resolved        [Object] ],
228 silly install resolved     dist:
228 silly install resolved      { shasum: 'c6b91b4a430b6c832acf51c78564f4d372faefa0',
228 silly install resolved        tarball: 'http://registry.npmjs.org/koa-send/-/koa-send-1.3.1.tgz' },
228 silly install resolved     directories: {},
228 silly install resolved     _resolved: 'https://registry.npmjs.org/koa-send/-/koa-send-1.3.1.tgz',
228 silly install resolved     readme: 'ERROR: No README data found!' } ]
229 info install debug@2.1.3 into E:\Workspace\MyGit\MyProjects\ANM_Basknrm\30_WsDev\node_modules\koa-static
230 info install koa-send@1.3.1 into E:\Workspace\MyGit\MyProjects\ANM_Basknrm\30_WsDev\node_modules\koa-static
231 info installOne debug@2.1.3
232 verbose installOne of debug to E:\Workspace\MyGit\MyProjects\ANM_Basknrm\30_WsDev\node_modules\koa-static not in flight; installing
233 info installOne koa-send@1.3.1
234 verbose installOne of koa-send to E:\Workspace\MyGit\MyProjects\ANM_Basknrm\30_WsDev\node_modules\koa-static not in flight; installing
235 verbose lock using C:\Users\doer\AppData\Roaming\npm-cache\_locks\debug-38d8944d4366cc62.lock for E:\Workspace\MyGit\MyProjects\ANM_Basknrm\30_WsDev\node_modules\koa-static\node_modules\debug
236 silly install write writing debug 2.1.3 to E:\Workspace\MyGit\MyProjects\ANM_Basknrm\30_WsDev\node_modules\koa-static\node_modules\debug
237 silly cache addNamed cb debug@2.1.3
238 verbose unbuild node_modules\koa-static\node_modules\debug
239 verbose lock using C:\Users\doer\AppData\Roaming\npm-cache\_locks\koa-send-c1677854bd0318b1.lock for E:\Workspace\MyGit\MyProjects\ANM_Basknrm\30_WsDev\node_modules\koa-static\node_modules\koa-send
240 silly install write writing koa-send 1.3.1 to E:\Workspace\MyGit\MyProjects\ANM_Basknrm\30_WsDev\node_modules\koa-static\node_modules\koa-send
241 silly cache addNamed cb koa-send@1.3.1
242 verbose unbuild node_modules\koa-static\node_modules\koa-send
243 verbose gentlyRm vacuuming E:\Workspace\MyGit\MyProjects\ANM_Basknrm\30_WsDev\node_modules\koa-static\node_modules\debug
244 verbose tar unpack C:\Users\doer\AppData\Roaming\npm-cache\debug\2.1.3\package.tgz
245 verbose tar unpacking to E:\Workspace\MyGit\MyProjects\ANM_Basknrm\30_WsDev\node_modules\koa-static\node_modules\debug
246 verbose gentlyRm vacuuming E:\Workspace\MyGit\MyProjects\ANM_Basknrm\30_WsDev\node_modules\koa-static\node_modules\debug
247 verbose gentlyRm vacuuming E:\Workspace\MyGit\MyProjects\ANM_Basknrm\30_WsDev\node_modules\koa-static\node_modules\koa-send
248 silly gunzTarPerm modes [ '777', '666' ]
249 verbose tar unpack C:\Users\doer\AppData\Roaming\npm-cache\koa-send\1.3.1\package.tgz
250 verbose tar unpacking to E:\Workspace\MyGit\MyProjects\ANM_Basknrm\30_WsDev\node_modules\koa-static\node_modules\koa-send
251 verbose gentlyRm vacuuming E:\Workspace\MyGit\MyProjects\ANM_Basknrm\30_WsDev\node_modules\koa-static\node_modules\koa-send
252 silly gunzTarPerm modes [ '777', '666' ]
253 silly gunzTarPerm extractEntry package.json
254 silly gunzTarPerm modified mode [ 'package.json', 420, 438 ]
255 silly gunzTarPerm extractEntry .npmignore
256 silly gunzTarPerm modified mode [ '.npmignore', 420, 438 ]
257 silly gunzTarPerm extractEntry node.js
258 silly gunzTarPerm modified mode [ 'node.js', 420, 438 ]
259 silly gunzTarPerm extractEntry package.json
260 silly gunzTarPerm modified mode [ 'package.json', 420, 438 ]
261 silly gunzTarPerm extractEntry index.js
262 silly gunzTarPerm modified mode [ 'index.js', 420, 438 ]
263 silly gunzTarPerm extractEntry Readme.md
264 silly gunzTarPerm modified mode [ 'Readme.md', 420, 438 ]
265 silly gunzTarPerm extractEntry debug.js
266 silly gunzTarPerm modified mode [ 'debug.js', 420, 438 ]
267 silly gunzTarPerm extractEntry browser.js
268 silly gunzTarPerm modified mode [ 'browser.js', 420, 438 ]
269 silly gunzTarPerm extractEntry Readme.md
270 silly gunzTarPerm modified mode [ 'Readme.md', 420, 438 ]
271 silly gunzTarPerm extractEntry bower.json
272 silly gunzTarPerm modified mode [ 'bower.json', 420, 438 ]
273 silly gunzTarPerm extractEntry .jshintrc
274 silly gunzTarPerm modified mode [ '.jshintrc', 420, 438 ]
275 silly gunzTarPerm extractEntry component.json
276 silly gunzTarPerm modified mode [ 'component.json', 420, 438 ]
277 silly gunzTarPerm extractEntry Makefile
278 silly gunzTarPerm modified mode [ 'Makefile', 420, 438 ]
279 silly gunzTarPerm extractEntry History.md
280 silly gunzTarPerm modified mode [ 'History.md', 420, 438 ]
281 info preinstall koa-send@1.3.1
282 silly prepareForInstallMany adding mz@^1.0.1 from koa-send dependencies
283 silly cache add args [ 'mz@^1.0.1', null ]
284 verbose cache add spec mz@^1.0.1
285 silly cache add parsed spec { raw: 'mz@^1.0.1',
285 silly cache add   scope: null,
285 silly cache add   name: 'mz',
285 silly cache add   rawSpec: '^1.0.1',
285 silly cache add   spec: '>=1.0.1 <2.0.0',
285 silly cache add   type: 'range' }
286 verbose addNamed mz@>=1.0.1 <2.0.0
287 silly addNamed semver.valid null
288 silly addNamed semver.validRange >=1.0.1 <2.0.0
289 silly addNameRange { name: 'mz', range: '>=1.0.1 <2.0.0', hasData: false }
290 silly mapToRegistry name mz
291 silly mapToRegistry using default registry
292 silly mapToRegistry registry https://registry.npmjs.org/
293 silly mapToRegistry uri https://registry.npmjs.org/mz
294 verbose addNameRange registry:https://registry.npmjs.org/mz not in flight; fetching
295 verbose request uri https://registry.npmjs.org/mz
296 verbose request no auth needed
297 info attempt registry request try #1 at 13:33:26
298 verbose etag "E14Z1CNOLWFWK8YE78S0LUVAG"
299 http request GET https://registry.npmjs.org/mz
300 info preinstall debug@2.1.3
301 silly prepareForInstallMany adding ms@0.7.0 from debug dependencies
302 silly cache add args [ 'ms@0.7.0', null ]
303 verbose cache add spec ms@0.7.0
304 silly cache add parsed spec { raw: 'ms@0.7.0',
304 silly cache add   scope: null,
304 silly cache add   name: 'ms',
304 silly cache add   rawSpec: '0.7.0',
304 silly cache add   spec: '0.7.0',
304 silly cache add   type: 'version' }
305 verbose addNamed ms@0.7.0
306 silly addNamed semver.valid 0.7.0
307 silly addNamed semver.validRange 0.7.0
308 silly mapToRegistry name ms
309 silly mapToRegistry using default registry
310 silly mapToRegistry registry https://registry.npmjs.org/
311 silly mapToRegistry uri https://registry.npmjs.org/ms
312 verbose addNameVersion registry:https://registry.npmjs.org/ms not in flight; fetching
313 verbose request uri https://registry.npmjs.org/ms
314 verbose request no auth needed
315 info attempt registry request try #1 at 13:33:26
316 verbose etag "2CV4V1PTIW41DQWP8ODMMT2SO"
317 http request GET https://registry.npmjs.org/ms
318 http 304 https://registry.npmjs.org/ms
319 silly get cb [ 304,
319 silly get   { date: 'Thu, 19 Mar 2015 05:33:26 GMT',
319 silly get     server: 'Apache',
319 silly get     via: '1.1 varnish',
319 silly get     'last-modified': 'Thu, 19 Mar 2015 05:33:26 GMT',
319 silly get     'cache-control': 'max-age=60',
319 silly get     etag: '"2CV4V1PTIW41DQWP8ODMMT2SO"',
319 silly get     age: '26',
319 silly get     'x-served-by': 'cache-nrt6134-NRT',
319 silly get     'x-cache': 'HIT',
319 silly get     'x-cache-hits': '1',
319 silly get     'x-timer': 'S1426743206.062420,VS0,VE0',
319 silly get     vary: 'Accept',
319 silly get     'content-length': '0',
319 silly get     'keep-alive': 'timeout=10, max=50',
319 silly get     connection: 'Keep-Alive' } ]
320 verbose etag https://registry.npmjs.org/ms from cache
321 verbose get saving ms to C:\Users\doer\AppData\Roaming\npm-cache\registry.npmjs.org\ms\.cache.json
322 silly cache afterAdd ms@0.7.0
323 verbose afterAdd C:\Users\doer\AppData\Roaming\npm-cache\ms\0.7.0\package\package.json not in flight; writing
324 verbose afterAdd C:\Users\doer\AppData\Roaming\npm-cache\ms\0.7.0\package\package.json written
325 silly install resolved [ { name: 'ms',
325 silly install resolved     version: '0.7.0',
325 silly install resolved     description: 'Tiny ms conversion utility',
325 silly install resolved     repository: { type: 'git', url: 'git://github.com/guille/ms.js.git' },
325 silly install resolved     main: './index',
325 silly install resolved     devDependencies: { mocha: '*', 'expect.js': '*', serve: '*' },
325 silly install resolved     component: { scripts: [Object] },
325 silly install resolved     gitHead: '1e9cd9b05ef0dc26f765434d2bfee42394376e52',
325 silly install resolved     bugs: { url: 'https://github.com/guille/ms.js/issues' },
325 silly install resolved     homepage: 'https://github.com/guille/ms.js',
325 silly install resolved     _id: 'ms@0.7.0',
325 silly install resolved     scripts: {},
325 silly install resolved     _shasum: '865be94c2e7397ad8a57da6a633a6e2f30798b83',
325 silly install resolved     _from: 'ms@0.7.0',
325 silly install resolved     _npmVersion: '1.4.21',
325 silly install resolved     _npmUser: { name: 'rauchg', email: 'rauchg@gmail.com' },
325 silly install resolved     maintainers: [ [Object] ],
325 silly install resolved     dist:
325 silly install resolved      { shasum: '865be94c2e7397ad8a57da6a633a6e2f30798b83',
325 silly install resolved        tarball: 'http://registry.npmjs.org/ms/-/ms-0.7.0.tgz' },
325 silly install resolved     directories: {},
325 silly install resolved     _resolved: 'https://registry.npmjs.org/ms/-/ms-0.7.0.tgz',
325 silly install resolved     readme: 'ERROR: No README data found!' } ]
326 info install ms@0.7.0 into E:\Workspace\MyGit\MyProjects\ANM_Basknrm\30_WsDev\node_modules\koa-static\node_modules\debug
327 info installOne ms@0.7.0
328 verbose installOne of ms to E:\Workspace\MyGit\MyProjects\ANM_Basknrm\30_WsDev\node_modules\koa-static\node_modules\debug not in flight; installing
329 verbose lock using C:\Users\doer\AppData\Roaming\npm-cache\_locks\ms-1fbfa5ee7035fcd1.lock for E:\Workspace\MyGit\MyProjects\ANM_Basknrm\30_WsDev\node_modules\koa-static\node_modules\debug\node_modules\ms
330 silly install write writing ms 0.7.0 to E:\Workspace\MyGit\MyProjects\ANM_Basknrm\30_WsDev\node_modules\koa-static\node_modules\debug\node_modules\ms
331 silly cache addNamed cb ms@0.7.0
332 verbose unbuild node_modules\koa-static\node_modules\debug\node_modules\ms
333 info preuninstall ms@0.6.2
334 info uninstall ms@0.6.2
335 verbose unbuild rmStuff ms@0.6.2 from E:\Workspace\MyGit\MyProjects\ANM_Basknrm\30_WsDev\node_modules
336 verbose unbuild rmStuff in E:\Workspace\MyGit\MyProjects\ANM_Basknrm\30_WsDev\node_modules\koa-static\node_modules\debug\node_modules
337 info postuninstall ms@0.6.2
338 verbose gentlyRm vacuuming E:\Workspace\MyGit\MyProjects\ANM_Basknrm\30_WsDev\node_modules\koa-static\node_modules\debug\node_modules\ms
339 verbose tar unpack C:\Users\doer\AppData\Roaming\npm-cache\ms\0.7.0\package.tgz
340 verbose tar unpacking to E:\Workspace\MyGit\MyProjects\ANM_Basknrm\30_WsDev\node_modules\koa-static\node_modules\debug\node_modules\ms
341 verbose gentlyRm vacuuming E:\Workspace\MyGit\MyProjects\ANM_Basknrm\30_WsDev\node_modules\koa-static\node_modules\debug\node_modules\ms
342 silly gunzTarPerm modes [ '777', '666' ]
343 silly gunzTarPerm extractEntry package.json
344 silly gunzTarPerm modified mode [ 'package.json', 420, 438 ]
345 silly gunzTarPerm extractEntry .npmignore
346 silly gunzTarPerm modified mode [ '.npmignore', 420, 438 ]
347 silly gunzTarPerm extractEntry README.md
348 silly gunzTarPerm modified mode [ 'README.md', 420, 438 ]
349 silly gunzTarPerm extractEntry LICENSE
350 silly gunzTarPerm modified mode [ 'LICENSE', 420, 438 ]
351 silly gunzTarPerm extractEntry index.js
352 silly gunzTarPerm modified mode [ 'index.js', 420, 438 ]
353 info preinstall ms@0.7.0
354 silly install resolved []
355 verbose about to build E:\Workspace\MyGit\MyProjects\ANM_Basknrm\30_WsDev\node_modules\koa-static\node_modules\debug\node_modules\ms
356 info build E:\Workspace\MyGit\MyProjects\ANM_Basknrm\30_WsDev\node_modules\koa-static\node_modules\debug\node_modules\ms
357 verbose linkStuff [ false,
357 verbose linkStuff   false,
357 verbose linkStuff   false,
357 verbose linkStuff   'E:\\Workspace\\MyGit\\MyProjects\\ANM_Basknrm\\30_WsDev\\node_modules\\koa-static\\node_modules\\debug\\node_modules' ]
358 info linkStuff ms@0.7.0
359 verbose linkBins ms@0.7.0
360 verbose linkMans ms@0.7.0
361 verbose rebuildBundles ms@0.7.0
362 info install ms@0.7.0
363 info postinstall ms@0.7.0
364 verbose unlock done using C:\Users\doer\AppData\Roaming\npm-cache\_locks\ms-1fbfa5ee7035fcd1.lock for E:\Workspace\MyGit\MyProjects\ANM_Basknrm\30_WsDev\node_modules\koa-static\node_modules\debug\node_modules\ms
365 verbose about to build E:\Workspace\MyGit\MyProjects\ANM_Basknrm\30_WsDev\node_modules\koa-static\node_modules\debug
366 info build E:\Workspace\MyGit\MyProjects\ANM_Basknrm\30_WsDev\node_modules\koa-static\node_modules\debug
367 verbose linkStuff [ false,
367 verbose linkStuff   false,
367 verbose linkStuff   false,
367 verbose linkStuff   'E:\\Workspace\\MyGit\\MyProjects\\ANM_Basknrm\\30_WsDev\\node_modules\\koa-static\\node_modules' ]
368 info linkStuff debug@2.1.3
369 verbose linkBins debug@2.1.3
370 verbose linkMans debug@2.1.3
371 verbose rebuildBundles debug@2.1.3
372 verbose rebuildBundles [ 'ms' ]
373 info install debug@2.1.3
374 info postinstall debug@2.1.3
375 verbose unlock done using C:\Users\doer\AppData\Roaming\npm-cache\_locks\debug-38d8944d4366cc62.lock for E:\Workspace\MyGit\MyProjects\ANM_Basknrm\30_WsDev\node_modules\koa-static\node_modules\debug
376 http 200 https://registry.npmjs.org/mz
377 silly get cb [ 200,
377 silly get   { date: 'Thu, 19 Mar 2015 05:33:26 GMT',
377 silly get     server: 'CouchDB/1.5.0 (Erlang OTP/R16B03)',
377 silly get     etag: '"EIVV2WISKYB8D9TSGJ14TGRNH"',
377 silly get     'content-type': 'application/json',
377 silly get     'cache-control': 'max-age=60',
377 silly get     'content-length': '19474',
377 silly get     'accept-ranges': 'bytes',
377 silly get     via: '1.1 varnish',
377 silly get     age: '0',
377 silly get     'x-served-by': 'cache-nrt6129-NRT',
377 silly get     'x-cache': 'HIT',
377 silly get     'x-cache-hits': '1',
377 silly get     'x-timer': 'S1426743206.020604,VS0,VE681',
377 silly get     vary: 'Accept',
377 silly get     'keep-alive': 'timeout=10, max=50',
377 silly get     connection: 'Keep-Alive' } ]
378 verbose get saving mz to C:\Users\doer\AppData\Roaming\npm-cache\registry.npmjs.org\mz\.cache.json
379 silly addNameRange number 2 { name: 'mz', range: '>=1.0.1 <2.0.0', hasData: true }
380 silly addNameRange versions [ 'mz',
380 silly addNameRange   [ '0.1.1',
380 silly addNameRange     '0.1.2',
380 silly addNameRange     '0.1.3',
380 silly addNameRange     '0.1.4',
380 silly addNameRange     '0.1.5',
380 silly addNameRange     '0.1.6',
380 silly addNameRange     '1.0.0',
380 silly addNameRange     '1.0.1',
380 silly addNameRange     '1.0.2',
380 silly addNameRange     '1.1.0',
380 silly addNameRange     '1.2.0',
380 silly addNameRange     '1.2.1',
380 silly addNameRange     '1.3.0' ] ]
381 verbose addNamed mz@1.3.0
382 silly addNamed semver.valid 1.3.0
383 silly addNamed semver.validRange 1.3.0
384 silly cache afterAdd mz@1.3.0
385 verbose afterAdd C:\Users\doer\AppData\Roaming\npm-cache\mz\1.3.0\package\package.json not in flight; writing
386 verbose afterAdd C:\Users\doer\AppData\Roaming\npm-cache\mz\1.3.0\package\package.json written
387 silly install resolved [ { name: 'mz',
387 silly install resolved     description: 'modernize node.js to current ECMAScript standards',
387 silly install resolved     version: '1.3.0',
387 silly install resolved     author:
387 silly install resolved      { name: 'Jonathan Ong',
387 silly install resolved        email: 'me@jongleberry.com',
387 silly install resolved        url: 'http://jongleberry.com' },
387 silly install resolved     license: 'MIT',
387 silly install resolved     repository: { type: 'git', url: 'https://github.com/normalize/mz' },
387 silly install resolved     dependencies: { 'native-or-bluebird': '1', thenify: '3', 'thenify-all': '1' },
387 silly install resolved     devDependencies: { istanbul: '0', bluebird: '2', mocha: '2' },
387 silly install resolved     scripts:
387 silly install resolved      { test: 'mocha --reporter spec',
387 silly install resolved        'test-cov': 'istanbul cover node_modules/mocha/bin/_mocha -- --reporter dot',
387 silly install resolved        'test-travis': 'istanbul cover node_modules/mocha/bin/_mocha --report lcovonly -- --reporter dot' },
387 silly install resolved     keywords: [ 'promisify', 'promise', 'thenify', 'then', 'es6' ],
387 silly install resolved     files: [ 'child_process.js', 'crypto.js', 'dns.js', 'fs.js', 'zlib.js' ],
387 silly install resolved     gitHead: 'dc40fac61dc98743890641b003fe052ca860d949',
387 silly install resolved     bugs: { url: 'https://github.com/normalize/mz/issues' },
387 silly install resolved     homepage: 'https://github.com/normalize/mz',
387 silly install resolved     _id: 'mz@1.3.0',
387 silly install resolved     _shasum: '06f093fdd9956a06d37e1b1e81344e27478c42f0',
387 silly install resolved     _from: 'mz@>=1.0.1 <2.0.0',
387 silly install resolved     _npmVersion: '2.5.1',
387 silly install resolved     _nodeVersion: '1.2.0',
387 silly install resolved     _npmUser: { name: 'jongleberry', email: 'jonathanrichardong@gmail.com' },
387 silly install resolved     maintainers: [ [Object], [Object] ],
387 silly install resolved     dist:
387 silly install resolved      { shasum: '06f093fdd9956a06d37e1b1e81344e27478c42f0',
387 silly install resolved        tarball: 'http://registry.npmjs.org/mz/-/mz-1.3.0.tgz' },
387 silly install resolved     directories: {},
387 silly install resolved     _resolved: 'https://registry.npmjs.org/mz/-/mz-1.3.0.tgz',
387 silly install resolved     readme: 'ERROR: No README data found!' } ]
388 info install mz@1.3.0 into E:\Workspace\MyGit\MyProjects\ANM_Basknrm\30_WsDev\node_modules\koa-static\node_modules\koa-send
389 info installOne mz@1.3.0
390 verbose installOne of mz to E:\Workspace\MyGit\MyProjects\ANM_Basknrm\30_WsDev\node_modules\koa-static\node_modules\koa-send not in flight; installing
391 verbose lock using C:\Users\doer\AppData\Roaming\npm-cache\_locks\mz-c7f2c916f2f1d7bb.lock for E:\Workspace\MyGit\MyProjects\ANM_Basknrm\30_WsDev\node_modules\koa-static\node_modules\koa-send\node_modules\mz
392 silly install write writing mz 1.3.0 to E:\Workspace\MyGit\MyProjects\ANM_Basknrm\30_WsDev\node_modules\koa-static\node_modules\koa-send\node_modules\mz
393 silly cache addNamed cb mz@1.3.0
394 verbose unbuild node_modules\koa-static\node_modules\koa-send\node_modules\mz
395 info preuninstall mz@1.2.1
396 info uninstall mz@1.2.1
397 verbose unbuild rmStuff mz@1.2.1 from E:\Workspace\MyGit\MyProjects\ANM_Basknrm\30_WsDev\node_modules
398 verbose unbuild rmStuff in E:\Workspace\MyGit\MyProjects\ANM_Basknrm\30_WsDev\node_modules\koa-static\node_modules\koa-send\node_modules
399 info postuninstall mz@1.2.1
400 verbose gentlyRm vacuuming E:\Workspace\MyGit\MyProjects\ANM_Basknrm\30_WsDev\node_modules\koa-static\node_modules\koa-send\node_modules\mz
401 verbose tar unpack C:\Users\doer\AppData\Roaming\npm-cache\mz\1.3.0\package.tgz
402 verbose tar unpacking to E:\Workspace\MyGit\MyProjects\ANM_Basknrm\30_WsDev\node_modules\koa-static\node_modules\koa-send\node_modules\mz
403 verbose gentlyRm vacuuming E:\Workspace\MyGit\MyProjects\ANM_Basknrm\30_WsDev\node_modules\koa-static\node_modules\koa-send\node_modules\mz
404 silly gunzTarPerm modes [ '777', '666' ]
405 silly gunzTarPerm extractEntry package.json
406 silly gunzTarPerm modified mode [ 'package.json', 420, 438 ]
407 silly gunzTarPerm extractEntry README.md
408 silly gunzTarPerm modified mode [ 'README.md', 420, 438 ]
409 silly gunzTarPerm extractEntry LICENSE
410 silly gunzTarPerm modified mode [ 'LICENSE', 420, 438 ]
411 silly gunzTarPerm extractEntry zlib.js
412 silly gunzTarPerm modified mode [ 'zlib.js', 420, 438 ]
413 silly gunzTarPerm extractEntry fs.js
414 silly gunzTarPerm modified mode [ 'fs.js', 420, 438 ]
415 silly gunzTarPerm extractEntry child_process.js
416 silly gunzTarPerm modified mode [ 'child_process.js', 420, 438 ]
417 silly gunzTarPerm extractEntry dns.js
418 silly gunzTarPerm modified mode [ 'dns.js', 420, 438 ]
419 silly gunzTarPerm extractEntry crypto.js
420 silly gunzTarPerm modified mode [ 'crypto.js', 420, 438 ]
421 silly gunzTarPerm extractEntry HISTORY.md
422 silly gunzTarPerm modified mode [ 'HISTORY.md', 420, 438 ]
423 info preinstall mz@1.3.0
424 silly prepareForInstallMany adding native-or-bluebird@1 from mz dependencies
425 silly prepareForInstallMany adding thenify@3 from mz dependencies
426 silly prepareForInstallMany adding thenify-all@1 from mz dependencies
427 silly cache add args [ 'native-or-bluebird@1', null ]
428 verbose cache add spec native-or-bluebird@1
429 silly cache add args [ 'thenify@3', null ]
430 verbose cache add spec thenify@3
431 silly cache add parsed spec { raw: 'native-or-bluebird@1',
431 silly cache add   scope: null,
431 silly cache add   name: 'native-or-bluebird',
431 silly cache add   rawSpec: '1',
431 silly cache add   spec: '>=1.0.0 <2.0.0',
431 silly cache add   type: 'range' }
432 verbose addNamed native-or-bluebird@>=1.0.0 <2.0.0
433 silly addNamed semver.valid null
434 silly addNamed semver.validRange >=1.0.0 <2.0.0
435 silly addNameRange { name: 'native-or-bluebird',
435 silly addNameRange   range: '>=1.0.0 <2.0.0',
435 silly addNameRange   hasData: false }
436 silly mapToRegistry name native-or-bluebird
437 silly mapToRegistry using default registry
438 silly mapToRegistry registry https://registry.npmjs.org/
439 silly mapToRegistry uri https://registry.npmjs.org/native-or-bluebird
440 verbose addNameRange registry:https://registry.npmjs.org/native-or-bluebird not in flight; fetching
441 silly cache add parsed spec { raw: 'thenify@3',
441 silly cache add   scope: null,
441 silly cache add   name: 'thenify',
441 silly cache add   rawSpec: '3',
441 silly cache add   spec: '>=3.0.0 <4.0.0',
441 silly cache add   type: 'range' }
442 verbose addNamed thenify@>=3.0.0 <4.0.0
443 silly addNamed semver.valid null
444 silly addNamed semver.validRange >=3.0.0 <4.0.0
445 silly addNameRange { name: 'thenify', range: '>=3.0.0 <4.0.0', hasData: false }
446 silly mapToRegistry name thenify
447 silly mapToRegistry using default registry
448 silly mapToRegistry registry https://registry.npmjs.org/
449 silly mapToRegistry uri https://registry.npmjs.org/thenify
450 verbose addNameRange registry:https://registry.npmjs.org/thenify not in flight; fetching
451 silly cache add args [ 'thenify-all@1', null ]
452 verbose cache add spec thenify-all@1
453 silly cache add parsed spec { raw: 'thenify-all@1',
453 silly cache add   scope: null,
453 silly cache add   name: 'thenify-all',
453 silly cache add   rawSpec: '1',
453 silly cache add   spec: '>=1.0.0 <2.0.0',
453 silly cache add   type: 'range' }
454 verbose addNamed thenify-all@>=1.0.0 <2.0.0
455 silly addNamed semver.valid null
456 silly addNamed semver.validRange >=1.0.0 <2.0.0
457 silly addNameRange { name: 'thenify-all', range: '>=1.0.0 <2.0.0', hasData: false }
458 silly mapToRegistry name thenify-all
459 silly mapToRegistry using default registry
460 silly mapToRegistry registry https://registry.npmjs.org/
461 silly mapToRegistry uri https://registry.npmjs.org/thenify-all
462 verbose addNameRange registry:https://registry.npmjs.org/thenify-all not in flight; fetching
463 verbose request uri https://registry.npmjs.org/native-or-bluebird
464 verbose request no auth needed
465 info attempt registry request try #1 at 13:33:27
466 verbose etag "4PXV6KVCE0J07BHZOIP8E0MLQ"
467 http request GET https://registry.npmjs.org/native-or-bluebird
468 verbose request uri https://registry.npmjs.org/thenify
469 verbose request no auth needed
470 info attempt registry request try #1 at 13:33:27
471 verbose etag "3800LBD533H0JX4CQ91IZDV59"
472 http request GET https://registry.npmjs.org/thenify
473 verbose request uri https://registry.npmjs.org/thenify-all
474 verbose request no auth needed
475 info attempt registry request try #1 at 13:33:27
476 verbose etag "4QC8N574MKTB1BKC1XXA4O3DH"
477 http request GET https://registry.npmjs.org/thenify-all
478 http 304 https://registry.npmjs.org/native-or-bluebird
479 silly get cb [ 304,
479 silly get   { date: 'Thu, 19 Mar 2015 05:33:27 GMT',
479 silly get     server: 'Apache',
479 silly get     via: '1.1 varnish',
479 silly get     'last-modified': 'Thu, 19 Mar 2015 05:33:27 GMT',
479 silly get     'cache-control': 'max-age=60',
479 silly get     etag: '"4PXV6KVCE0J07BHZOIP8E0MLQ"',
479 silly get     age: '10',
479 silly get     'x-served-by': 'cache-nrt6121-NRT',
479 silly get     'x-cache': 'HIT',
479 silly get     'x-cache-hits': '1',
479 silly get     'x-timer': 'S1426743207.437225,VS0,VE0',
479 silly get     vary: 'Accept',
479 silly get     'content-length': '0',
479 silly get     'keep-alive': 'timeout=10, max=50',
479 silly get     connection: 'Keep-Alive' } ]
480 verbose etag https://registry.npmjs.org/native-or-bluebird from cache
481 verbose get saving native-or-bluebird to C:\Users\doer\AppData\Roaming\npm-cache\registry.npmjs.org\native-or-bluebird\.cache.json
482 silly addNameRange number 2 { name: 'native-or-bluebird',
482 silly addNameRange   range: '>=1.0.0 <2.0.0',
482 silly addNameRange   hasData: true }
483 silly addNameRange versions [ 'native-or-bluebird',
483 silly addNameRange   [ '1.0.0', '1.1.0', '1.1.1', '1.1.2', '1.2.0' ] ]
484 verbose addNamed native-or-bluebird@1.2.0
485 silly addNamed semver.valid 1.2.0
486 silly addNamed semver.validRange 1.2.0
487 silly cache afterAdd native-or-bluebird@1.2.0
488 verbose afterAdd C:\Users\doer\AppData\Roaming\npm-cache\native-or-bluebird\1.2.0\package\package.json not in flight; writing
489 verbose afterAdd C:\Users\doer\AppData\Roaming\npm-cache\native-or-bluebird\1.2.0\package\package.json written
490 http 200 https://registry.npmjs.org/thenify
491 silly get cb [ 200,
491 silly get   { date: 'Thu, 19 Mar 2015 05:33:27 GMT',
491 silly get     server: 'CouchDB/1.5.0 (Erlang OTP/R16B03)',
491 silly get     etag: '"DFTEHQQXIDU16F3E8Z34A7BAE"',
491 silly get     'content-type': 'application/json',
491 silly get     'cache-control': 'max-age=60',
491 silly get     'content-length': '8594',
491 silly get     'accept-ranges': 'bytes',
491 silly get     via: '1.1 varnish',
491 silly get     age: '0',
491 silly get     'x-served-by': 'cache-nrt6122-NRT',
491 silly get     'x-cache': 'HIT',
491 silly get     'x-cache-hits': '1',
491 silly get     'x-timer': 'S1426743207.466513,VS0,VE100',
491 silly get     vary: 'Accept',
491 silly get     'keep-alive': 'timeout=10, max=50',
491 silly get     connection: 'Keep-Alive' } ]
492 verbose get saving thenify to C:\Users\doer\AppData\Roaming\npm-cache\registry.npmjs.org\thenify\.cache.json
493 silly addNameRange number 2 { name: 'thenify', range: '>=3.0.0 <4.0.0', hasData: true }
494 silly addNameRange versions [ 'thenify', [ '1.0.0', '2.0.0', '3.0.0', '3.1.0' ] ]
495 verbose addNamed thenify@3.1.0
496 silly addNamed semver.valid 3.1.0
497 silly addNamed semver.validRange 3.1.0
498 silly cache afterAdd thenify@3.1.0
499 verbose afterAdd C:\Users\doer\AppData\Roaming\npm-cache\thenify\3.1.0\package\package.json not in flight; writing
500 verbose afterAdd C:\Users\doer\AppData\Roaming\npm-cache\thenify\3.1.0\package\package.json written
501 http 200 https://registry.npmjs.org/thenify-all
502 silly get cb [ 200,
502 silly get   { date: 'Thu, 19 Mar 2015 05:33:28 GMT',
502 silly get     server: 'CouchDB/1.5.0 (Erlang OTP/R16B03)',
502 silly get     etag: '"8MMRCY1CGTRZMMEBZDY2E7LZ9"',
502 silly get     'content-type': 'application/json',
502 silly get     'cache-control': 'max-age=60',
502 silly get     'content-length': '15755',
502 silly get     'accept-ranges': 'bytes',
502 silly get     via: '1.1 varnish',
502 silly get     age: '0',
502 silly get     'x-served-by': 'cache-nrt6127-NRT',
502 silly get     'x-cache': 'HIT',
502 silly get     'x-cache-hits': '1',
502 silly get     'x-timer': 'S1426743207.495383,VS0,VE823',
502 silly get     vary: 'Accept',
502 silly get     'keep-alive': 'timeout=10, max=50',
502 silly get     connection: 'Keep-Alive' } ]
503 verbose get saving thenify-all to C:\Users\doer\AppData\Roaming\npm-cache\registry.npmjs.org\thenify-all\.cache.json
504 silly addNameRange number 2 { name: 'thenify-all', range: '>=1.0.0 <2.0.0', hasData: true }
505 silly addNameRange versions [ 'thenify-all',
505 silly addNameRange   [ '0.0.0',
505 silly addNameRange     '1.0.0',
505 silly addNameRange     '1.1.0',
505 silly addNameRange     '1.2.0',
505 silly addNameRange     '1.3.0',
505 silly addNameRange     '1.4.0',
505 silly addNameRange     '1.5.0',
505 silly addNameRange     '1.5.1',
505 silly addNameRange     '1.6.0' ] ]
506 verbose addNamed thenify-all@1.6.0
507 silly addNamed semver.valid 1.6.0
508 silly addNamed semver.validRange 1.6.0
509 silly cache afterAdd thenify-all@1.6.0
510 verbose afterAdd C:\Users\doer\AppData\Roaming\npm-cache\thenify-all\1.6.0\package\package.json not in flight; writing
511 verbose afterAdd C:\Users\doer\AppData\Roaming\npm-cache\thenify-all\1.6.0\package\package.json written
512 silly install resolved [ { name: 'native-or-bluebird',
512 silly install resolved     description: 'use either the native Promise or Bluebird',
512 silly install resolved     version: '1.2.0',
512 silly install resolved     author:
512 silly install resolved      { name: 'Jonathan Ong',
512 silly install resolved        email: 'me@jongleberry.com',
512 silly install resolved        url: 'http://jongleberry.com' },
512 silly install resolved     license: 'MIT',
512 silly install resolved     repository:
512 silly install resolved      { type: 'git',
512 silly install resolved        url: 'https://github.com/normalize/native-or-bluebird' },
512 silly install resolved     keywords: [ 'bluebird', 'promise', 'promises' ],
512 silly install resolved     devDependencies: { bluebird: '*', istanbul: '0', mocha: '1' },
512 silly install resolved     scripts:
512 silly install resolved      { test: 'mocha --reporter spec',
512 silly install resolved        'test-cov': 'istanbul cover node_modules/mocha/bin/_mocha -- --reporter dot',
512 silly install resolved        'test-travis': 'istanbul cover node_modules/mocha/bin/_mocha --report lcovonly -- --reporter dot' },
512 silly install resolved     files: [ 'index.js', 'promise.js', 'LICENSE' ],
512 silly install resolved     gitHead: '6f562f773836a0c0a6fd4d8e1af315dd1032733d',
512 silly install resolved     bugs: { url: 'https://github.com/normalize/native-or-bluebird/issues' },
512 silly install resolved     homepage: 'https://github.com/normalize/native-or-bluebird',
512 silly install resolved     _id: 'native-or-bluebird@1.2.0',
512 silly install resolved     _shasum: '39c47bfd7825d1fb9ffad32210ae25daadf101c9',
512 silly install resolved     _from: 'native-or-bluebird@>=1.0.0 <2.0.0',
512 silly install resolved     _npmVersion: '2.5.1',
512 silly install resolved     _nodeVersion: '1.2.0',
512 silly install resolved     _npmUser: { name: 'jongleberry', email: 'jonathanrichardong@gmail.com' },
512 silly install resolved     maintainers: [ [Object], [Object] ],
512 silly install resolved     dist:
512 silly install resolved      { shasum: '39c47bfd7825d1fb9ffad32210ae25daadf101c9',
512 silly install resolved        tarball: 'http://registry.npmjs.org/native-or-bluebird/-/native-or-bluebird-1.2.0.tgz' },
512 silly install resolved     directories: {},
512 silly install resolved     _resolved: 'https://registry.npmjs.org/native-or-bluebird/-/native-or-bluebird-1.2.0.tgz',
512 silly install resolved     readme: 'ERROR: No README data found!' },
512 silly install resolved   { name: 'thenify',
512 silly install resolved     description: 'Promisify a callback-based function',
512 silly install resolved     version: '3.1.0',
512 silly install resolved     author:
512 silly install resolved      { name: 'Jonathan Ong',
512 silly install resolved        email: 'me@jongleberry.com',
512 silly install resolved        url: 'http://jongleberry.com' },
512 silly install resolved     license: 'MIT',
512 silly install resolved     repository: { type: 'git', url: 'https://github.com/thenables/thenify' },
512 silly install resolved     dependencies: { 'native-or-bluebird': '1' },
512 silly install resolved     devDependencies: { bluebird: '2', istanbul: '0', mocha: '2' },
512 silly install resolved     scripts:
512 silly install resolved      { test: 'mocha --reporter spec',
512 silly install resolved        'test-cov': 'istanbul cover node_modules/mocha/bin/_mocha -- --reporter dot',
512 silly install resolved        'test-travis': 'istanbul cover node_modules/mocha/bin/_mocha --report lcovonly -- --reporter dot' },
512 silly install resolved     keywords: [ 'promisify', 'promise', 'thenify', 'then', 'es6' ],
512 silly install resolved     files: [ 'index.js' ],
512 silly install resolved     gitHead: '4c093c3583662f20f3342d59f73d61bb96f7d826',
512 silly install resolved     bugs: { url: 'https://github.com/thenables/thenify/issues' },
512 silly install resolved     homepage: 'https://github.com/thenables/thenify',
512 silly install resolved     _id: 'thenify@3.1.0',
512 silly install resolved     _shasum: 'c27cbbc62b7c287edf1a1a3d5cc8426d8aed49f0',
512 silly install resolved     _from: 'thenify@>=3.0.0 <4.0.0',
512 silly install resolved     _npmVersion: '2.1.12',
512 silly install resolved     _nodeVersion: '0.11.14',
512 silly install resolved     _npmUser: { name: 'dead_horse', email: 'dead_horse@qq.com' },
512 silly install resolved     maintainers: [ [Object], [Object], [Object] ],
512 silly install resolved     dist:
512 silly install resolved      { shasum: 'c27cbbc62b7c287edf1a1a3d5cc8426d8aed49f0',
512 silly install resolved        tarball: 'http://registry.npmjs.org/thenify/-/thenify-3.1.0.tgz' },
512 silly install resolved     directories: {},
512 silly install resolved     _resolved: 'https://registry.npmjs.org/thenify/-/thenify-3.1.0.tgz',
512 silly install resolved     readme: 'ERROR: No README data found!' },
512 silly install resolved   { name: 'thenify-all',
512 silly install resolved     description: 'Promisifies all the selected functions in an object',
512 silly install resolved     version: '1.6.0',
512 silly install resolved     author:
512 silly install resolved      { name: 'Jonathan Ong',
512 silly install resolved        email: 'me@jongleberry.com',
512 silly install resolved        url: 'http://jongleberry.com' },
512 silly install resolved     license: 'MIT',
512 silly install resolved     repository: { type: 'git', url: 'https://github.com/thenables/thenify-all' },
512 silly install resolved     dependencies: { thenify: '>= 3.1.0 < 4' },
512 silly install resolved     devDependencies: { bluebird: '2', istanbul: '0', mocha: '2' },
512 silly install resolved     scripts:
512 silly install resolved      { test: 'mocha --reporter spec',
512 silly install resolved        'test-cov': 'istanbul cover node_modules/.bin/_mocha -- --reporter dot',
512 silly install resolved        'test-travis': 'istanbul cover node_modules/.bin/_mocha --report lcovonly -- --reporter dot' },
512 silly install resolved     keywords: [ 'promisify', 'promise', 'thenify', 'then', 'es6' ],
512 silly install resolved     files: [ 'index.js' ],
512 silly install resolved     engines: { node: '>=0.8' },
512 silly install resolved     gitHead: 'f436113d8076adb9138c222a61689acdef6f6bd9',
512 silly install resolved     bugs: { url: 'https://github.com/thenables/thenify-all/issues' },
512 silly install resolved     homepage: 'https://github.com/thenables/thenify-all',
512 silly install resolved     _id: 'thenify-all@1.6.0',
512 silly install resolved     _shasum: '1a1918d402d8fc3f98fbf234db0bcc8cc10e9726',
512 silly install resolved     _from: 'thenify-all@>=1.0.0 <2.0.0',
512 silly install resolved     _npmVersion: '2.1.12',
512 silly install resolved     _nodeVersion: '0.11.14',
512 silly install resolved     _npmUser: { name: 'dead_horse', email: 'dead_horse@qq.com' },
512 silly install resolved     maintainers: [ [Object], [Object], [Object] ],
512 silly install resolved     dist:
512 silly install resolved      { shasum: '1a1918d402d8fc3f98fbf234db0bcc8cc10e9726',
512 silly install resolved        tarball: 'http://registry.npmjs.org/thenify-all/-/thenify-all-1.6.0.tgz' },
512 silly install resolved     directories: {},
512 silly install resolved     _resolved: 'https://registry.npmjs.org/thenify-all/-/thenify-all-1.6.0.tgz',
512 silly install resolved     readme: 'ERROR: No README data found!' } ]
513 info install native-or-bluebird@1.2.0 into E:\Workspace\MyGit\MyProjects\ANM_Basknrm\30_WsDev\node_modules\koa-static\node_modules\koa-send\node_modules\mz
514 info install thenify@3.1.0 into E:\Workspace\MyGit\MyProjects\ANM_Basknrm\30_WsDev\node_modules\koa-static\node_modules\koa-send\node_modules\mz
515 info install thenify-all@1.6.0 into E:\Workspace\MyGit\MyProjects\ANM_Basknrm\30_WsDev\node_modules\koa-static\node_modules\koa-send\node_modules\mz
516 info installOne native-or-bluebird@1.2.0
517 verbose installOne of native-or-bluebird to E:\Workspace\MyGit\MyProjects\ANM_Basknrm\30_WsDev\node_modules\koa-static\node_modules\koa-send\node_modules\mz not in flight; installing
518 info installOne thenify@3.1.0
519 verbose installOne of thenify to E:\Workspace\MyGit\MyProjects\ANM_Basknrm\30_WsDev\node_modules\koa-static\node_modules\koa-send\node_modules\mz not in flight; installing
520 info installOne thenify-all@1.6.0
521 verbose installOne of thenify-all to E:\Workspace\MyGit\MyProjects\ANM_Basknrm\30_WsDev\node_modules\koa-static\node_modules\koa-send\node_modules\mz not in flight; installing
522 verbose lock using C:\Users\doer\AppData\Roaming\npm-cache\_locks\native-or-bluebird-789b40a6c001f181.lock for E:\Workspace\MyGit\MyProjects\ANM_Basknrm\30_WsDev\node_modules\koa-static\node_modules\koa-send\node_modules\mz\node_modules\native-or-bluebird
523 verbose lock using C:\Users\doer\AppData\Roaming\npm-cache\_locks\thenify-b8f55fbc1285e944.lock for E:\Workspace\MyGit\MyProjects\ANM_Basknrm\30_WsDev\node_modules\koa-static\node_modules\koa-send\node_modules\mz\node_modules\thenify
524 silly install write writing native-or-bluebird 1.2.0 to E:\Workspace\MyGit\MyProjects\ANM_Basknrm\30_WsDev\node_modules\koa-static\node_modules\koa-send\node_modules\mz\node_modules\native-or-bluebird
525 silly cache addNamed cb native-or-bluebird@1.2.0
526 verbose unbuild node_modules\koa-static\node_modules\koa-send\node_modules\mz\node_modules\native-or-bluebird
527 info preuninstall native-or-bluebird@1.1.2
528 silly install write writing thenify 3.1.0 to E:\Workspace\MyGit\MyProjects\ANM_Basknrm\30_WsDev\node_modules\koa-static\node_modules\koa-send\node_modules\mz\node_modules\thenify
529 silly cache addNamed cb thenify@3.1.0
530 verbose unbuild node_modules\koa-static\node_modules\koa-send\node_modules\mz\node_modules\thenify
531 info preuninstall thenify@3.1.0
532 verbose lock using C:\Users\doer\AppData\Roaming\npm-cache\_locks\thenify-all-60768217d676a8d6.lock for E:\Workspace\MyGit\MyProjects\ANM_Basknrm\30_WsDev\node_modules\koa-static\node_modules\koa-send\node_modules\mz\node_modules\thenify-all
533 warn engine thenify-all@1.6.0: wanted: {"node":">=0.8"} (current: {"node":"1.5.1-nightly20150308f8c893dd39","npm":"2.6.1"})
534 silly install write writing thenify-all 1.6.0 to E:\Workspace\MyGit\MyProjects\ANM_Basknrm\30_WsDev\node_modules\koa-static\node_modules\koa-send\node_modules\mz\node_modules\thenify-all
535 silly cache addNamed cb thenify-all@1.6.0
536 verbose unbuild node_modules\koa-static\node_modules\koa-send\node_modules\mz\node_modules\thenify-all
537 info preuninstall thenify-all@1.6.0
538 info uninstall native-or-bluebird@1.1.2
539 info uninstall thenify@3.1.0
540 info uninstall thenify-all@1.6.0
541 verbose unbuild rmStuff native-or-bluebird@1.1.2 from E:\Workspace\MyGit\MyProjects\ANM_Basknrm\30_WsDev\node_modules
542 verbose unbuild rmStuff in E:\Workspace\MyGit\MyProjects\ANM_Basknrm\30_WsDev\node_modules\koa-static\node_modules\koa-send\node_modules\mz\node_modules
543 info postuninstall native-or-bluebird@1.1.2
544 verbose unbuild rmStuff thenify@3.1.0 from E:\Workspace\MyGit\MyProjects\ANM_Basknrm\30_WsDev\node_modules
545 verbose unbuild rmStuff in E:\Workspace\MyGit\MyProjects\ANM_Basknrm\30_WsDev\node_modules\koa-static\node_modules\koa-send\node_modules\mz\node_modules
546 info postuninstall thenify@3.1.0
547 verbose unbuild rmStuff thenify-all@1.6.0 from E:\Workspace\MyGit\MyProjects\ANM_Basknrm\30_WsDev\node_modules
548 verbose unbuild rmStuff in E:\Workspace\MyGit\MyProjects\ANM_Basknrm\30_WsDev\node_modules\koa-static\node_modules\koa-send\node_modules\mz\node_modules
549 info postuninstall thenify-all@1.6.0
550 verbose gentlyRm vacuuming E:\Workspace\MyGit\MyProjects\ANM_Basknrm\30_WsDev\node_modules\koa-static\node_modules\koa-send\node_modules\mz\node_modules\native-or-bluebird
551 verbose gentlyRm vacuuming E:\Workspace\MyGit\MyProjects\ANM_Basknrm\30_WsDev\node_modules\koa-static\node_modules\koa-send\node_modules\mz\node_modules\thenify
552 verbose tar unpack C:\Users\doer\AppData\Roaming\npm-cache\native-or-bluebird\1.2.0\package.tgz
553 verbose tar unpacking to E:\Workspace\MyGit\MyProjects\ANM_Basknrm\30_WsDev\node_modules\koa-static\node_modules\koa-send\node_modules\mz\node_modules\native-or-bluebird
554 verbose gentlyRm vacuuming E:\Workspace\MyGit\MyProjects\ANM_Basknrm\30_WsDev\node_modules\koa-static\node_modules\koa-send\node_modules\mz\node_modules\native-or-bluebird
555 verbose tar unpack C:\Users\doer\AppData\Roaming\npm-cache\thenify\3.1.0\package.tgz
556 verbose tar unpacking to E:\Workspace\MyGit\MyProjects\ANM_Basknrm\30_WsDev\node_modules\koa-static\node_modules\koa-send\node_modules\mz\node_modules\thenify
557 verbose gentlyRm vacuuming E:\Workspace\MyGit\MyProjects\ANM_Basknrm\30_WsDev\node_modules\koa-static\node_modules\koa-send\node_modules\mz\node_modules\thenify
558 silly gunzTarPerm modes [ '777', '666' ]
559 verbose gentlyRm vacuuming E:\Workspace\MyGit\MyProjects\ANM_Basknrm\30_WsDev\node_modules\koa-static\node_modules\koa-send\node_modules\mz\node_modules\thenify-all
560 silly gunzTarPerm modes [ '777', '666' ]
561 verbose tar unpack C:\Users\doer\AppData\Roaming\npm-cache\thenify-all\1.6.0\package.tgz
562 verbose tar unpacking to E:\Workspace\MyGit\MyProjects\ANM_Basknrm\30_WsDev\node_modules\koa-static\node_modules\koa-send\node_modules\mz\node_modules\thenify-all
563 verbose gentlyRm vacuuming E:\Workspace\MyGit\MyProjects\ANM_Basknrm\30_WsDev\node_modules\koa-static\node_modules\koa-send\node_modules\mz\node_modules\thenify-all
564 silly gunzTarPerm modes [ '777', '666' ]
565 silly gunzTarPerm extractEntry package.json
566 silly gunzTarPerm modified mode [ 'package.json', 420, 438 ]
567 silly gunzTarPerm extractEntry README.md
568 silly gunzTarPerm modified mode [ 'README.md', 420, 438 ]
569 silly gunzTarPerm extractEntry LICENSE
570 silly gunzTarPerm modified mode [ 'LICENSE', 420, 438 ]
571 silly gunzTarPerm extractEntry package.json
572 silly gunzTarPerm modified mode [ 'package.json', 420, 438 ]
573 silly gunzTarPerm extractEntry package.json
574 silly gunzTarPerm modified mode [ 'package.json', 420, 438 ]
575 silly gunzTarPerm extractEntry README.md
576 silly gunzTarPerm modified mode [ 'README.md', 420, 438 ]
577 silly gunzTarPerm extractEntry LICENSE
578 silly gunzTarPerm modified mode [ 'LICENSE', 420, 438 ]
579 silly gunzTarPerm extractEntry README.md
580 silly gunzTarPerm modified mode [ 'README.md', 420, 438 ]
581 silly gunzTarPerm extractEntry LICENSE
582 silly gunzTarPerm modified mode [ 'LICENSE', 420, 438 ]
583 silly gunzTarPerm extractEntry index.js
584 silly gunzTarPerm modified mode [ 'index.js', 420, 438 ]
585 silly gunzTarPerm extractEntry promise.js
586 silly gunzTarPerm modified mode [ 'promise.js', 420, 438 ]
587 silly gunzTarPerm extractEntry index.js
588 silly gunzTarPerm modified mode [ 'index.js', 420, 438 ]
589 silly gunzTarPerm extractEntry History.md
590 silly gunzTarPerm modified mode [ 'History.md', 420, 438 ]
591 silly gunzTarPerm extractEntry index.js
592 silly gunzTarPerm modified mode [ 'index.js', 420, 438 ]
593 info preinstall native-or-bluebird@1.2.0
594 silly install resolved []
595 verbose about to build E:\Workspace\MyGit\MyProjects\ANM_Basknrm\30_WsDev\node_modules\koa-static\node_modules\koa-send\node_modules\mz\node_modules\native-or-bluebird
596 info build E:\Workspace\MyGit\MyProjects\ANM_Basknrm\30_WsDev\node_modules\koa-static\node_modules\koa-send\node_modules\mz\node_modules\native-or-bluebird
597 verbose linkStuff [ false,
597 verbose linkStuff   false,
597 verbose linkStuff   false,
597 verbose linkStuff   'E:\\Workspace\\MyGit\\MyProjects\\ANM_Basknrm\\30_WsDev\\node_modules\\koa-static\\node_modules\\koa-send\\node_modules\\mz\\node_modules' ]
598 info linkStuff native-or-bluebird@1.2.0
599 verbose linkBins native-or-bluebird@1.2.0
600 verbose linkMans native-or-bluebird@1.2.0
601 verbose rebuildBundles native-or-bluebird@1.2.0
602 info install native-or-bluebird@1.2.0
603 info postinstall native-or-bluebird@1.2.0
604 verbose unlock done using C:\Users\doer\AppData\Roaming\npm-cache\_locks\native-or-bluebird-789b40a6c001f181.lock for E:\Workspace\MyGit\MyProjects\ANM_Basknrm\30_WsDev\node_modules\koa-static\node_modules\koa-send\node_modules\mz\node_modules\native-or-bluebird
605 info preinstall thenify@3.1.0
606 silly install resolved []
607 verbose about to build E:\Workspace\MyGit\MyProjects\ANM_Basknrm\30_WsDev\node_modules\koa-static\node_modules\koa-send\node_modules\mz\node_modules\thenify
608 info build E:\Workspace\MyGit\MyProjects\ANM_Basknrm\30_WsDev\node_modules\koa-static\node_modules\koa-send\node_modules\mz\node_modules\thenify
609 verbose linkStuff [ false,
609 verbose linkStuff   false,
609 verbose linkStuff   false,
609 verbose linkStuff   'E:\\Workspace\\MyGit\\MyProjects\\ANM_Basknrm\\30_WsDev\\node_modules\\koa-static\\node_modules\\koa-send\\node_modules\\mz\\node_modules' ]
610 info linkStuff thenify@3.1.0
611 verbose linkBins thenify@3.1.0
612 verbose linkMans thenify@3.1.0
613 verbose rebuildBundles thenify@3.1.0
614 info install thenify@3.1.0
615 info postinstall thenify@3.1.0
616 verbose unlock done using C:\Users\doer\AppData\Roaming\npm-cache\_locks\thenify-b8f55fbc1285e944.lock for E:\Workspace\MyGit\MyProjects\ANM_Basknrm\30_WsDev\node_modules\koa-static\node_modules\koa-send\node_modules\mz\node_modules\thenify
617 info preinstall thenify-all@1.6.0
618 silly install resolved []
619 verbose about to build E:\Workspace\MyGit\MyProjects\ANM_Basknrm\30_WsDev\node_modules\koa-static\node_modules\koa-send\node_modules\mz\node_modules\thenify-all
620 info build E:\Workspace\MyGit\MyProjects\ANM_Basknrm\30_WsDev\node_modules\koa-static\node_modules\koa-send\node_modules\mz\node_modules\thenify-all
621 verbose linkStuff [ false,
621 verbose linkStuff   false,
621 verbose linkStuff   false,
621 verbose linkStuff   'E:\\Workspace\\MyGit\\MyProjects\\ANM_Basknrm\\30_WsDev\\node_modules\\koa-static\\node_modules\\koa-send\\node_modules\\mz\\node_modules' ]
622 info linkStuff thenify-all@1.6.0
623 verbose linkBins thenify-all@1.6.0
624 verbose linkMans thenify-all@1.6.0
625 verbose rebuildBundles thenify-all@1.6.0
626 info install thenify-all@1.6.0
627 info postinstall thenify-all@1.6.0
628 verbose unlock done using C:\Users\doer\AppData\Roaming\npm-cache\_locks\thenify-all-60768217d676a8d6.lock for E:\Workspace\MyGit\MyProjects\ANM_Basknrm\30_WsDev\node_modules\koa-static\node_modules\koa-send\node_modules\mz\node_modules\thenify-all
629 verbose about to build E:\Workspace\MyGit\MyProjects\ANM_Basknrm\30_WsDev\node_modules\koa-static\node_modules\koa-send\node_modules\mz
630 info build E:\Workspace\MyGit\MyProjects\ANM_Basknrm\30_WsDev\node_modules\koa-static\node_modules\koa-send\node_modules\mz
631 verbose linkStuff [ false,
631 verbose linkStuff   false,
631 verbose linkStuff   false,
631 verbose linkStuff   'E:\\Workspace\\MyGit\\MyProjects\\ANM_Basknrm\\30_WsDev\\node_modules\\koa-static\\node_modules\\koa-send\\node_modules' ]
632 info linkStuff mz@1.3.0
633 verbose linkBins mz@1.3.0
634 verbose linkMans mz@1.3.0
635 verbose rebuildBundles mz@1.3.0
636 verbose rebuildBundles [ 'native-or-bluebird', 'thenify', 'thenify-all' ]
637 info install mz@1.3.0
638 info postinstall mz@1.3.0
639 verbose unlock done using C:\Users\doer\AppData\Roaming\npm-cache\_locks\mz-c7f2c916f2f1d7bb.lock for E:\Workspace\MyGit\MyProjects\ANM_Basknrm\30_WsDev\node_modules\koa-static\node_modules\koa-send\node_modules\mz
640 verbose about to build E:\Workspace\MyGit\MyProjects\ANM_Basknrm\30_WsDev\node_modules\koa-static\node_modules\koa-send
641 info build E:\Workspace\MyGit\MyProjects\ANM_Basknrm\30_WsDev\node_modules\koa-static\node_modules\koa-send
642 verbose linkStuff [ false,
642 verbose linkStuff   false,
642 verbose linkStuff   false,
642 verbose linkStuff   'E:\\Workspace\\MyGit\\MyProjects\\ANM_Basknrm\\30_WsDev\\node_modules\\koa-static\\node_modules' ]
643 info linkStuff koa-send@1.3.1
644 verbose linkBins koa-send@1.3.1
645 verbose linkMans koa-send@1.3.1
646 verbose rebuildBundles koa-send@1.3.1
647 verbose rebuildBundles [ 'mz' ]
648 info install koa-send@1.3.1
649 info postinstall koa-send@1.3.1
650 verbose unlock done using C:\Users\doer\AppData\Roaming\npm-cache\_locks\koa-send-c1677854bd0318b1.lock for E:\Workspace\MyGit\MyProjects\ANM_Basknrm\30_WsDev\node_modules\koa-static\node_modules\koa-send
651 verbose about to build E:\Workspace\MyGit\MyProjects\ANM_Basknrm\30_WsDev\node_modules\koa-static
652 info build E:\Workspace\MyGit\MyProjects\ANM_Basknrm\30_WsDev\node_modules\koa-static
653 verbose linkStuff [ false,
653 verbose linkStuff   false,
653 verbose linkStuff   false,
653 verbose linkStuff   'E:\\Workspace\\MyGit\\MyProjects\\ANM_Basknrm\\30_WsDev\\node_modules' ]
654 info linkStuff koa-static@1.4.9
655 verbose linkBins koa-static@1.4.9
656 verbose linkMans koa-static@1.4.9
657 verbose rebuildBundles koa-static@1.4.9
658 verbose rebuildBundles [ 'debug', 'koa-send' ]
659 info install koa-static@1.4.9
660 info postinstall koa-static@1.4.9
661 verbose unlock done using C:\Users\doer\AppData\Roaming\npm-cache\_locks\koa-static-aa21910de56711d5.lock for E:\Workspace\MyGit\MyProjects\ANM_Basknrm\30_WsDev\node_modules\koa-static
662 verbose saving { 'koa-static': '~1.4.9' }
663 verbose stack Error: EBUSY: resource busy or locked, unlink 'E:\Workspace\MyGit\MyProjects\ANM_Basknrm\30_WsDev\node_modules\koa'
663 verbose stack     at Error (native)
664 verbose cwd E:\Workspace\MyGit\MyProjects\ANM_Basknrm\30_WsDev
665 error Windows_NT 6.3.9600
666 error argv "C:\\Program Files\\nodejs\\\\node.exe" "C:\\Program Files\\nodejs\\node_modules\\npm\\bin\\npm-cli.js" "update" "--save"
667 error node v1.5.1-nightly20150308f8c893dd39
668 error npm  v2.6.1
669 error path E:\Workspace\MyGit\MyProjects\ANM_Basknrm\30_WsDev\node_modules\koa
670 error code EBUSY
671 error errno -4082
672 error syscall unlink
673 error EBUSY: resource busy or locked, unlink 'E:\Workspace\MyGit\MyProjects\ANM_Basknrm\30_WsDev\node_modules\koa'
674 error If you need help, you may report this error at:
674 error     <http://github.com/npm/npm/issues>
675 verbose exit [ -4082, true ]
676 verbose unbuild node_modules\koa
677 info preuninstall koa@0.18.1
678 info uninstall koa@0.18.1
679 verbose unbuild rmStuff koa@0.18.1 from E:\Workspace\MyGit\MyProjects\ANM_Basknrm\30_WsDev\node_modules
680 info postuninstall koa@0.18.1
681 verbose gentlyRm vacuuming E:\Workspace\MyGit\MyProjects\ANM_Basknrm\30_WsDev\node_modules\koa
682 silly gentlyRm purging E:\Workspace\MyGit\MyProjects\ANM_Basknrm\30_WsDev\node_modules\koa
683 error error rolling back Error: EBUSY: resource busy or locked, unlink 'E:\Workspace\MyGit\MyProjects\ANM_Basknrm\30_WsDev\node_modules\koa'
683 error error rolling back     at Error (native)
683 error error rolling back  { [Error: EBUSY: resource busy or locked, unlink 'E:\Workspace\MyGit\MyProjects\ANM_Basknrm\30_WsDev\node_modules\koa']
683 error error rolling back   errno: -4082,
683 error error rolling back   code: 'EBUSY',
683 error error rolling back   syscall: 'unlink',
683 error error rolling back   path: 'E:\\Workspace\\MyGit\\MyProjects\\ANM_Basknrm\\30_WsDev\\node_modules\\koa' }
